#
# There is insufficient memory for the Java Runtime Environment to continue.
# Native memory allocation (malloc) failed to allocate 1367856 bytes for Chunk::new
# Possible reasons:
#   The system is out of physical RAM or swap space
#   The process is running with CompressedOops enabled, and the Java Heap may be blocking the growth of the native heap
# Possible solutions:
#   Reduce memory load on the system
#   Increase physical memory or swap space
#   Check if swap backing store is full
#   Decrease Java heap size (-Xmx/-Xms)
#   Decrease number of Java threads
#   Decrease Java thread stack sizes (-Xss)
#   Set larger code cache with -XX:ReservedCodeCacheSize=
#   JVM is running with Unscaled Compressed Oops mode in which the Java heap is
#     placed in the first 4GB address space. The Java Heap base address is the
#     maximum limit for the native heap growth. Please use -XX:HeapBaseMinAddress
#     to set the Java Heap base and to place the Java Heap above 4GB virtual address.
# This output file may be truncated or incomplete.
#
#  Out of Memory Error (./src/hotspot/share/memory/arena.cpp:197), pid=9060, tid=23456
#
# JRE version: OpenJDK Runtime Environment (11.0.10) (build 11.0.10+0-b96-7249189)
# Java VM: OpenJDK 64-Bit Server VM (11.0.10+0-b96-7249189, mixed mode, tiered, compressed oops, g1 gc, windows-amd64)
# No core dump will be written. Minidumps are not enabled by default on client versions of Windows
#

---------------  S U M M A R Y ------------

Command Line: --add-opens=java.base/java.util=ALL-UNNAMED --add-opens=java.base/java.lang=ALL-UNNAMED --add-opens=java.base/java.lang.invoke=ALL-UNNAMED --add-opens=java.base/java.util=ALL-UNNAMED --add-opens=java.prefs/java.util.prefs=ALL-UNNAMED --add-opens=java.prefs/java.util.prefs=ALL-UNNAMED --add-opens=java.base/java.nio.charset=ALL-UNNAMED --add-opens=java.base/java.net=ALL-UNNAMED --add-opens=java.base/java.util.concurrent.atomic=ALL-UNNAMED -Xmx2048m -Dfile.encoding=UTF-8 -Duser.country=SK -Duser.language=sk -Duser.variant org.gradle.launcher.daemon.bootstrap.GradleDaemon 7.0.2

Host: Intel(R) Core(TM) i7-6820HQ CPU @ 2.70GHz, 8 cores, 15G,  Windows 10 , 64 bit Build 19041 (10.0.19041.1202)
Time: Thu Oct 28 20:54:42 2021 Stredoeurópsky èas (letný) elapsed time: 121.877511 seconds (0d 0h 2m 1s)

---------------  T H R E A D  ---------------

Current thread (0x000002529553d800):  JavaThread "C2 CompilerThread1" daemon [_thread_in_native, id=23456, stack(0x000000e3f6a00000,0x000000e3f6b00000)]


Current CompileTask:
C2: 121877 23244   !   4       org.gradle.api.internal.artifacts.transform.TransformingAsyncArtifactListener$TransformedArtifact::finalizeValue (165 bytes)

Stack: [0x000000e3f6a00000,0x000000e3f6b00000]
Native frames: (J=compiled Java code, j=interpreted, Vv=VM code, C=native code)
V  [jvm.dll+0x5ecfaa]
V  [jvm.dll+0x722bd5]
V  [jvm.dll+0x72412d]
V  [jvm.dll+0x7247e3]
V  [jvm.dll+0x242928]
V  [jvm.dll+0xbc4fc]
V  [jvm.dll+0xbca0c]
V  [jvm.dll+0x352d7d]
V  [jvm.dll+0x19800c]
V  [jvm.dll+0x1fb70e]
V  [jvm.dll+0x1fa7f4]
V  [jvm.dll+0x18354c]
V  [jvm.dll+0x208ee7]
V  [jvm.dll+0x207731]
V  [jvm.dll+0x6eb1cf]
V  [jvm.dll+0x6e3d45]
V  [jvm.dll+0x5ebe96]
C  [ucrtbase.dll+0x21bb2]
C  [KERNEL32.DLL+0x17034]
C  [ntdll.dll+0x52651]


---------------  P R O C E S S  ---------------

Threads class SMR info:
_java_thread_list=0x0000025299b82670, length=69, elements={
0x00000252f74ac800, 0x000002529419e000, 0x00000252941a7800, 0x00000252941be800,
0x00000252941c2800, 0x0000025294207800, 0x000002529420a800, 0x0000025294213800,
0x000002529421a000, 0x0000025294385800, 0x0000025295891800, 0x0000025295176000,
0x0000025295d58000, 0x00000252966c6800, 0x00000252966fc000, 0x000002529699f800,
0x000002529699e800, 0x00000252969a0800, 0x00000252969a3800, 0x000002529699e000,
0x00000252969a4800, 0x0000025297555800, 0x0000025297558000, 0x0000025297555000,
0x0000025297556800, 0x0000025297559000, 0x000002529755a000, 0x0000025297554000,
0x000002529755e800, 0x000002529755f800, 0x000002529b536800, 0x000002529b52d800,
0x000002529b531800, 0x000002529b52e800, 0x000002529b52d000, 0x000002529b533800,
0x000002529b532800, 0x000002529b530000, 0x000002529b534000, 0x000002529b531000,
0x000002529b535000, 0x000002529b52f800, 0x000002529b539000, 0x000002529b53a000,
0x000002529b53a800, 0x000002529b53b800, 0x000002529b536000, 0x000002529755a800,
0x000002529755c000, 0x000002529755d000, 0x0000025297557800, 0x000002529755e000,
0x00000252969a1000, 0x00000252969a2000, 0x00000252969a3000, 0x0000025295538000,
0x0000025295534800, 0x0000025295535800, 0x0000025295533000, 0x0000025295538800,
0x0000025295536000, 0x0000025295537000, 0x0000025295533800, 0x000002529553f000,
0x000002529553c800, 0x000002529553b000, 0x000002529553e800, 0x000002529553c000,
0x000002529553d800
}

Java Threads: ( => current thread )
  0x00000252f74ac800 JavaThread "main" [_thread_blocked, id=1432, stack(0x000000e3f1400000,0x000000e3f1500000)]
  0x000002529419e000 JavaThread "Reference Handler" daemon [_thread_blocked, id=21808, stack(0x000000e3f1b00000,0x000000e3f1c00000)]
  0x00000252941a7800 JavaThread "Finalizer" daemon [_thread_blocked, id=19108, stack(0x000000e3f1c00000,0x000000e3f1d00000)]
  0x00000252941be800 JavaThread "Signal Dispatcher" daemon [_thread_blocked, id=16420, stack(0x000000e3f1d00000,0x000000e3f1e00000)]
  0x00000252941c2800 JavaThread "Attach Listener" daemon [_thread_blocked, id=21876, stack(0x000000e3f1e00000,0x000000e3f1f00000)]
  0x0000025294207800 JavaThread "Service Thread" daemon [_thread_blocked, id=22204, stack(0x000000e3f1f00000,0x000000e3f2000000)]
  0x000002529420a800 JavaThread "C2 CompilerThread0" daemon [_thread_blocked, id=19168, stack(0x000000e3f2000000,0x000000e3f2100000)]
  0x0000025294213800 JavaThread "C1 CompilerThread0" daemon [_thread_blocked, id=23532, stack(0x000000e3f2100000,0x000000e3f2200000)]
  0x000002529421a000 JavaThread "Sweeper thread" daemon [_thread_blocked, id=23540, stack(0x000000e3f2200000,0x000000e3f2300000)]
  0x0000025294385800 JavaThread "Common-Cleaner" daemon [_thread_blocked, id=16412, stack(0x000000e3f2300000,0x000000e3f2400000)]
  0x0000025295891800 JavaThread "Daemon health stats" [_thread_blocked, id=12044, stack(0x000000e3f2b00000,0x000000e3f2c00000)]
  0x0000025295176000 JavaThread "Incoming local TCP Connector on port 50194" [_thread_in_native, id=23460, stack(0x000000e3f2500000,0x000000e3f2600000)]
  0x0000025295d58000 JavaThread "Daemon periodic checks" [_thread_blocked, id=12580, stack(0x000000e3f2a00000,0x000000e3f2b00000)]
  0x00000252966c6800 JavaThread "Daemon" [_thread_blocked, id=12116, stack(0x000000e3f2c00000,0x000000e3f2d00000)]
  0x00000252966fc000 JavaThread "Daemon worker" [_thread_blocked, id=11768, stack(0x000000e3f2f00000,0x000000e3f3000000)]
  0x000002529699f800 JavaThread "Cache worker for file hash cache (C:\Users\Lenovo\.gradle\caches\7.0.2\fileHashes)" [_thread_blocked, id=5744, stack(0x000000e3f3300000,0x000000e3f3400000)]
  0x000002529699e800 JavaThread "File lock request listener" [_thread_in_native, id=8520, stack(0x000000e3f3400000,0x000000e3f3500000)]
  0x00000252969a0800 JavaThread "Cache worker for journal cache (C:\Users\Lenovo\.gradle\caches\journal-1)" [_thread_blocked, id=2340, stack(0x000000e3f3900000,0x000000e3f3a00000)]
  0x00000252969a3800 JavaThread "File watcher server" daemon [_thread_in_native, id=11444, stack(0x000000e3f3c00000,0x000000e3f3d00000)]
  0x000002529699e000 JavaThread "File watcher consumer" daemon [_thread_blocked, id=2032, stack(0x000000e3f3d00000,0x000000e3f3e00000)]
  0x00000252969a4800 JavaThread "jar transforms" [_thread_blocked, id=7096, stack(0x000000e3f3e00000,0x000000e3f3f00000)]
  0x0000025297555800 JavaThread "jar transforms Thread 2" [_thread_blocked, id=4756, stack(0x000000e3f3f00000,0x000000e3f4000000)]
  0x0000025297558000 JavaThread "jar transforms Thread 3" [_thread_blocked, id=11428, stack(0x000000e3f4000000,0x000000e3f4100000)]
  0x0000025297555000 JavaThread "jar transforms Thread 4" [_thread_blocked, id=8920, stack(0x000000e3f4100000,0x000000e3f4200000)]
  0x0000025297556800 JavaThread "jar transforms Thread 5" [_thread_blocked, id=17460, stack(0x000000e3f4200000,0x000000e3f4300000)]
  0x0000025297559000 JavaThread "jar transforms Thread 6" [_thread_blocked, id=23048, stack(0x000000e3f4300000,0x000000e3f4400000)]
  0x000002529755a000 JavaThread "jar transforms Thread 7" [_thread_blocked, id=19876, stack(0x000000e3f4400000,0x000000e3f4500000)]
  0x0000025297554000 JavaThread "jar transforms Thread 8" [_thread_blocked, id=19872, stack(0x000000e3f4500000,0x000000e3f4600000)]
  0x000002529755e800 JavaThread "Cache worker for execution history cache (C:\Users\Lenovo\.gradle\caches\7.0.2\executionHistory)" [_thread_blocked, id=23504, stack(0x000000e3f4a00000,0x000000e3f4b00000)]
  0x000002529755f800 JavaThread "Cache worker for file content cache (C:\Users\Lenovo\.gradle\caches\7.0.2\fileContent)" [_thread_blocked, id=3372, stack(0x000000e3f4b00000,0x000000e3f4c00000)]
  0x000002529b536800 JavaThread "Memory manager" [_thread_blocked, id=23352, stack(0x000000e3f5600000,0x000000e3f5700000)]
  0x000002529b52d800 JavaThread "Handler for socket connection from /127.0.0.1:50194 to /127.0.0.1:50257" [_thread_in_native, id=18848, stack(0x000000e3f1100000,0x000000e3f1200000)]
  0x000002529b531800 JavaThread "Cancel handler" [_thread_blocked, id=2768, stack(0x000000e3f1200000,0x000000e3f1300000)]
  0x000002529b52e800 JavaThread "Asynchronous log dispatcher for DefaultDaemonConnection: socket connection from /127.0.0.1:50194 to /127.0.0.1:50257" [_thread_blocked, id=7180, stack(0x000000e3f1300000,0x000000e3f1400000)]
  0x000002529b52d000 JavaThread "Stdin handler" [_thread_blocked, id=5844, stack(0x000000e3f2d00000,0x000000e3f2e00000)]
  0x000002529b533800 JavaThread "Daemon client event forwarder" [_thread_blocked, id=9208, stack(0x000000e3f2e00000,0x000000e3f2f00000)]
  0x000002529b532800 JavaThread "Cache worker for file hash cache (C:\Users\Lenovo\AndroidStudioProjects\ebaz4r\.gradle\7.0.2\fileHashes)" [_thread_blocked, id=9560, stack(0x000000e3f3000000,0x000000e3f3100000)]
  0x000002529b530000 JavaThread "Cache worker for checksums cache (C:\Users\Lenovo\AndroidStudioProjects\ebaz4r\.gradle\checksums)" [_thread_blocked, id=6660, stack(0x000000e3f3100000,0x000000e3f3200000)]
  0x000002529b534000 JavaThread "Cache worker for cache directory md-supplier (C:\Users\Lenovo\.gradle\caches\7.0.2\md-supplier)" [_thread_blocked, id=4496, stack(0x000000e3f3200000,0x000000e3f3300000)]
  0x000002529b531000 JavaThread "Cache worker for cache directory md-rule (C:\Users\Lenovo\.gradle\caches\7.0.2\md-rule)" [_thread_blocked, id=13000, stack(0x000000e3f3b00000,0x000000e3f3c00000)]
  0x000002529b535000 JavaThread "Cache worker for dependencies-accessors (C:\Users\Lenovo\AndroidStudioProjects\ebaz4r\.gradle\7.0.2\dependencies-accessors)" [_thread_blocked, id=21820, stack(0x000000e3f4600000,0x000000e3f4700000)]
  0x000002529b52f800 JavaThread "Cache worker for Build Output Cleanup Cache (C:\Users\Lenovo\AndroidStudioProjects\ebaz4r\.gradle\buildOutputCleanup)" [_thread_blocked, id=21816, stack(0x000000e3f4700000,0x000000e3f4800000)]
  0x000002529b539000 JavaThread "Build operations" [_thread_blocked, id=9564, stack(0x000000e3f4800000,0x000000e3f4900000)]
  0x000002529b53a000 JavaThread "Build operations Thread 2" [_thread_blocked, id=12976, stack(0x000000e3f4900000,0x000000e3f4a00000)]
  0x000002529b53a800 JavaThread "Build operations Thread 3" [_thread_blocked, id=23132, stack(0x000000e3f4c00000,0x000000e3f4d00000)]
  0x000002529b53b800 JavaThread "Build operations Thread 4" [_thread_blocked, id=16964, stack(0x000000e3f4d00000,0x000000e3f4e00000)]
  0x000002529b536000 JavaThread "Build operations Thread 5" [_thread_blocked, id=14940, stack(0x000000e3f4f00000,0x000000e3f5000000)]
  0x000002529755a800 JavaThread "Build operations Thread 6" [_thread_blocked, id=22452, stack(0x000000e3f5000000,0x000000e3f5100000)]
  0x000002529755c000 JavaThread "Build operations Thread 7" [_thread_blocked, id=20952, stack(0x000000e3f5100000,0x000000e3f5200000)]
  0x000002529755d000 JavaThread "Build operations Thread 8" [_thread_blocked, id=23472, stack(0x000000e3f5200000,0x000000e3f5300000)]
  0x0000025297557800 JavaThread "build event listener" [_thread_blocked, id=23520, stack(0x000000e3f5300000,0x000000e3f5400000)]
  0x000002529755e000 JavaThread "Execution worker for ':'" [_thread_blocked, id=21480, stack(0x000000e3f5400000,0x000000e3f5500000)]
  0x00000252969a1000 JavaThread "Execution worker for ':' Thread 2" [_thread_blocked, id=23016, stack(0x000000e3f5500000,0x000000e3f5600000)]
  0x00000252969a2000 JavaThread "Execution worker for ':' Thread 3" [_thread_blocked, id=21264, stack(0x000000e3f5800000,0x000000e3f5900000)]
  0x00000252969a3000 JavaThread "Execution worker for ':' Thread 4" [_thread_blocked, id=768, stack(0x000000e3f5900000,0x000000e3f5a00000)]
  0x0000025295538000 JavaThread "Execution worker for ':' Thread 5" [_thread_blocked, id=15456, stack(0x000000e3f5a00000,0x000000e3f5b00000)]
  0x0000025295534800 JavaThread "Execution worker for ':' Thread 6" [_thread_blocked, id=22188, stack(0x000000e3f5b00000,0x000000e3f5c00000)]
  0x0000025295535800 JavaThread "Execution worker for ':' Thread 7" [_thread_blocked, id=16532, stack(0x000000e3f5c00000,0x000000e3f5d00000)]
  0x0000025295533000 JavaThread "Cache worker for execution history cache (C:\Users\Lenovo\AndroidStudioProjects\ebaz4r\.gradle\7.0.2\executionHistory)" [_thread_blocked, id=23060, stack(0x000000e3f5d00000,0x000000e3f5e00000)]
  0x0000025295538800 JavaThread "WorkerExecutor Queue" [_thread_blocked, id=21832, stack(0x000000e3f5e00000,0x000000e3f5f00000)]
  0x0000025295536000 JavaThread "WorkerExecutor Queue Thread 2" [_thread_blocked, id=11784, stack(0x000000e3f5f00000,0x000000e3f6000000)]
  0x0000025295537000 JavaThread "WorkerExecutor Queue Thread 3" [_thread_blocked, id=16172, stack(0x000000e3f6000000,0x000000e3f6100000)]
  0x0000025295533800 JavaThread "WorkerExecutor Queue Thread 4" [_thread_blocked, id=11704, stack(0x000000e3f6100000,0x000000e3f6200000)]
  0x000002529553f000 JavaThread "WorkerExecutor Queue Thread 5" [_thread_blocked, id=13040, stack(0x000000e3f6200000,0x000000e3f6300000)]
  0x000002529553c800 JavaThread "WorkerExecutor Queue Thread 6" [_thread_blocked, id=21256, stack(0x000000e3f6300000,0x000000e3f6400000)]
  0x000002529553b000 JavaThread "WorkerExecutor Queue Thread 7" [_thread_blocked, id=23320, stack(0x000000e3f6400000,0x000000e3f6500000)]
  0x000002529553e800 JavaThread "WorkerExecutor Queue Thread 8" [_thread_blocked, id=23136, stack(0x000000e3f6500000,0x000000e3f6600000)]
  0x000002529553c000 JavaThread "Java2D Disposer" daemon [_thread_blocked, id=10468, stack(0x000000e3f6900000,0x000000e3f6a00000)]
=>0x000002529553d800 JavaThread "C2 CompilerThread1" daemon [_thread_in_native, id=23456, stack(0x000000e3f6a00000,0x000000e3f6b00000)]

Other Threads:
  0x000002529396e000 VMThread "VM Thread" [stack: 0x000000e3f1a00000,0x000000e3f1b00000] [id=17900]
  0x000002529439e000 WatcherThread [stack: 0x000000e3f2400000,0x000000e3f2500000] [id=23536]
  0x00000252f74c6000 GCTaskThread "GC Thread#0" [stack: 0x000000e3f1500000,0x000000e3f1600000] [id=18384]
  0x000002529527d000 GCTaskThread "GC Thread#1" [stack: 0x000000e3f2600000,0x000000e3f2700000] [id=10604]
  0x00000252950d4000 GCTaskThread "GC Thread#2" [stack: 0x000000e3f2700000,0x000000e3f2800000] [id=8052]
  0x000002529496f800 GCTaskThread "GC Thread#3" [stack: 0x000000e3f2800000,0x000000e3f2900000] [id=10608]
  0x0000025294da8000 GCTaskThread "GC Thread#4" [stack: 0x000000e3f2900000,0x000000e3f2a00000] [id=2172]
  0x0000025295c1f000 GCTaskThread "GC Thread#5" [stack: 0x000000e3f3500000,0x000000e3f3600000] [id=6344]
  0x0000025296280800 GCTaskThread "GC Thread#6" [stack: 0x000000e3f3600000,0x000000e3f3700000] [id=6504]
  0x00000252960cd800 GCTaskThread "GC Thread#7" [stack: 0x000000e3f3700000,0x000000e3f3800000] [id=4896]
  0x00000252f74f7800 ConcurrentGCThread "G1 Main Marker" [stack: 0x000000e3f1600000,0x000000e3f1700000] [id=7208]
  0x00000252f74f9000 ConcurrentGCThread "G1 Conc#0" [stack: 0x000000e3f1700000,0x000000e3f1800000] [id=2352]
  0x00000252953fd800 ConcurrentGCThread "G1 Conc#1" [stack: 0x000000e3f3800000,0x000000e3f3900000] [id=5092]
  0x00000252f758e000 ConcurrentGCThread "G1 Refine#0" [stack: 0x000000e3f1800000,0x000000e3f1900000] [id=23524]
  0x00000252937ea800 ConcurrentGCThread "G1 Young RemSet Sampling" [stack: 0x000000e3f1900000,0x000000e3f1a00000] [id=21744]

Threads with active compile tasks:
C2 CompilerThread0 121939 23256  s!   4       jdk.internal.loader.URLClassPath::getLoader (194 bytes)
C1 CompilerThread0 121939 23927       2       java.util.IdentityHashMap::closeDeletion (107 bytes)
C2 CompilerThread1 121940 23244   !   4       org.gradle.api.internal.artifacts.transform.TransformingAsyncArtifactListener$TransformedArtifact::finalizeValue (165 bytes)

VM state:at safepoint (normal execution)

VM Mutex/Monitor currently owned by a thread:  ([mutex/lock_event])
[0x00000252f74a7400] Threads_lock - owner thread: 0x000002529396e000
[0x00000252f74a8180] Heap_lock - owner thread: 0x000002529755c000

Heap address: 0x0000000080000000, size: 2048 MB, Compressed Oops mode: 32-bit
Narrow klass base: 0x0000000000000000, Narrow klass shift: 3
Compressed class space size: 1073741824 Address: 0x0000000100000000

Heap:
 garbage-first heap   total 349184K, used 202996K [0x0000000080000000, 0x0000000100000000)
  region size 1024K, 3 young (3072K), 3 survivors (3072K)
 Metaspace       used 136258K, capacity 139984K, committed 140120K, reserved 1171456K
  class space    used 16877K, capacity 18213K, committed 18304K, reserved 1048576K
Heap Regions: E=young(eden), S=young(survivor), O=old, HS=humongous(starts), HC=humongous(continues), CS=collection set, F=free, A=archive, TAMS=top-at-mark-start (previous, next)
|   0|0x0000000080000000, 0x0000000080100000, 0x0000000080100000|100%|HS|  |TAMS 0x0000000080100000, 0x0000000080100000| Complete 
|   1|0x0000000080100000, 0x0000000080200000, 0x0000000080200000|100%|HC|  |TAMS 0x0000000080200000, 0x0000000080200000| Complete 
|   2|0x0000000080200000, 0x0000000080300000, 0x0000000080300000|100%| O|  |TAMS 0x0000000080300000, 0x0000000080300000| Untracked 
|   3|0x0000000080300000, 0x0000000080400000, 0x0000000080400000|100%|HS|  |TAMS 0x0000000080400000, 0x0000000080400000| Complete 
|   4|0x0000000080400000, 0x0000000080500000, 0x0000000080500000|100%|HC|  |TAMS 0x0000000080500000, 0x0000000080500000| Complete 
|   5|0x0000000080500000, 0x0000000080600000, 0x0000000080600000|100%|HC|  |TAMS 0x0000000080600000, 0x0000000080600000| Complete 
|   6|0x0000000080600000, 0x0000000080700000, 0x0000000080700000|100%| O|  |TAMS 0x0000000080700000, 0x0000000080700000| Untracked 
|   7|0x0000000080700000, 0x0000000080800000, 0x0000000080800000|100%| O|  |TAMS 0x0000000080800000, 0x0000000080800000| Untracked 
|   8|0x0000000080800000, 0x0000000080900000, 0x0000000080900000|100%| O|  |TAMS 0x0000000080900000, 0x0000000080900000| Untracked 
|   9|0x0000000080900000, 0x0000000080a00000, 0x0000000080a00000|100%| O|  |TAMS 0x0000000080a00000, 0x0000000080a00000| Untracked 
|  10|0x0000000080a00000, 0x0000000080b00000, 0x0000000080b00000|100%|HS|  |TAMS 0x0000000080b00000, 0x0000000080b00000| Complete 
|  11|0x0000000080b00000, 0x0000000080c00000, 0x0000000080c00000|100%|HC|  |TAMS 0x0000000080c00000, 0x0000000080c00000| Complete 
|  12|0x0000000080c00000, 0x0000000080d00000, 0x0000000080d00000|100%|HC|  |TAMS 0x0000000080d00000, 0x0000000080d00000| Complete 
|  13|0x0000000080d00000, 0x0000000080e00000, 0x0000000080e00000|100%|HS|  |TAMS 0x0000000080e00000, 0x0000000080e00000| Complete 
|  14|0x0000000080e00000, 0x0000000080f00000, 0x0000000080f00000|100%|HC|  |TAMS 0x0000000080f00000, 0x0000000080f00000| Complete 
|  15|0x0000000080f00000, 0x0000000081000000, 0x0000000081000000|100%|HC|  |TAMS 0x0000000081000000, 0x0000000081000000| Complete 
|  16|0x0000000081000000, 0x0000000081100000, 0x0000000081100000|100%|HC|  |TAMS 0x0000000081100000, 0x0000000081100000| Complete 
|  17|0x0000000081100000, 0x0000000081200000, 0x0000000081200000|100%|HC|  |TAMS 0x0000000081200000, 0x0000000081200000| Complete 
|  18|0x0000000081200000, 0x0000000081300000, 0x0000000081300000|100%| O|  |TAMS 0x0000000081300000, 0x0000000081300000| Untracked 
|  19|0x0000000081300000, 0x0000000081400000, 0x0000000081400000|100%| O|  |TAMS 0x0000000081400000, 0x0000000081400000| Untracked 
|  20|0x0000000081400000, 0x0000000081500000, 0x0000000081500000|100%| O|  |TAMS 0x0000000081500000, 0x0000000081500000| Untracked 
|  21|0x0000000081500000, 0x0000000081600000, 0x0000000081600000|100%| O|  |TAMS 0x0000000081600000, 0x0000000081600000| Untracked 
|  22|0x0000000081600000, 0x0000000081700000, 0x0000000081700000|100%| O|  |TAMS 0x0000000081700000, 0x0000000081700000| Untracked 
|  23|0x0000000081700000, 0x0000000081800000, 0x0000000081800000|100%| O|  |TAMS 0x0000000081800000, 0x0000000081800000| Untracked 
|  24|0x0000000081800000, 0x0000000081900000, 0x0000000081900000|100%| O|  |TAMS 0x0000000081900000, 0x0000000081900000| Untracked 
|  25|0x0000000081900000, 0x0000000081a00000, 0x0000000081a00000|100%| O|  |TAMS 0x0000000081a00000, 0x0000000081a00000| Untracked 
|  26|0x0000000081a00000, 0x0000000081b00000, 0x0000000081b00000|100%|HS|  |TAMS 0x0000000081b00000, 0x0000000081b00000| Complete 
|  27|0x0000000081b00000, 0x0000000081c00000, 0x0000000081c00000|100%|HC|  |TAMS 0x0000000081c00000, 0x0000000081c00000| Complete 
|  28|0x0000000081c00000, 0x0000000081d00000, 0x0000000081d00000|100%|HC|  |TAMS 0x0000000081d00000, 0x0000000081d00000| Complete 
|  29|0x0000000081d00000, 0x0000000081e00000, 0x0000000081e00000|100%|HS|  |TAMS 0x0000000081e00000, 0x0000000081e00000| Complete 
|  30|0x0000000081e00000, 0x0000000081f00000, 0x0000000081f00000|100%|HC|  |TAMS 0x0000000081f00000, 0x0000000081f00000| Complete 
|  31|0x0000000081f00000, 0x0000000082000000, 0x0000000082000000|100%|HC|  |TAMS 0x0000000082000000, 0x0000000082000000| Complete 
|  32|0x0000000082000000, 0x0000000082100000, 0x0000000082100000|100%|HC|  |TAMS 0x0000000082100000, 0x0000000082100000| Complete 
|  33|0x0000000082100000, 0x0000000082200000, 0x0000000082200000|100%|HC|  |TAMS 0x0000000082200000, 0x0000000082200000| Complete 
|  34|0x0000000082200000, 0x0000000082300000, 0x0000000082300000|100%| O|  |TAMS 0x0000000082300000, 0x0000000082300000| Untracked 
|  35|0x0000000082300000, 0x0000000082400000, 0x0000000082400000|100%| O|  |TAMS 0x0000000082400000, 0x0000000082400000| Untracked 
|  36|0x0000000082400000, 0x0000000082500000, 0x0000000082500000|100%| O|  |TAMS 0x0000000082500000, 0x0000000082500000| Untracked 
|  37|0x0000000082500000, 0x0000000082600000, 0x0000000082600000|100%| O|  |TAMS 0x0000000082600000, 0x0000000082600000| Untracked 
|  38|0x0000000082600000, 0x0000000082700000, 0x0000000082700000|100%| O|  |TAMS 0x0000000082700000, 0x0000000082700000| Untracked 
|  39|0x0000000082700000, 0x0000000082800000, 0x0000000082800000|100%| O|  |TAMS 0x0000000082800000, 0x0000000082800000| Untracked 
|  40|0x0000000082800000, 0x0000000082900000, 0x0000000082900000|100%| O|  |TAMS 0x0000000082900000, 0x0000000082900000| Untracked 
|  41|0x0000000082900000, 0x0000000082a00000, 0x0000000082a00000|100%| O|  |TAMS 0x0000000082a00000, 0x0000000082a00000| Untracked 
|  42|0x0000000082a00000, 0x0000000082b00000, 0x0000000082b00000|100%| O|  |TAMS 0x0000000082b00000, 0x0000000082b00000| Untracked 
|  43|0x0000000082b00000, 0x0000000082c00000, 0x0000000082c00000|100%| O|  |TAMS 0x0000000082c00000, 0x0000000082c00000| Untracked 
|  44|0x0000000082c00000, 0x0000000082d00000, 0x0000000082d00000|100%| O|  |TAMS 0x0000000082d00000, 0x0000000082d00000| Untracked 
|  45|0x0000000082d00000, 0x0000000082e00000, 0x0000000082e00000|100%| O|  |TAMS 0x0000000082e00000, 0x0000000082e00000| Untracked 
|  46|0x0000000082e00000, 0x0000000082f00000, 0x0000000082f00000|100%| O|  |TAMS 0x0000000082f00000, 0x0000000082f00000| Untracked 
|  47|0x0000000082f00000, 0x0000000083000000, 0x0000000083000000|100%| O|  |TAMS 0x0000000083000000, 0x0000000083000000| Untracked 
|  48|0x0000000083000000, 0x0000000083100000, 0x0000000083100000|100%| O|  |TAMS 0x0000000083100000, 0x0000000083100000| Untracked 
|  49|0x0000000083100000, 0x0000000083200000, 0x0000000083200000|100%| O|  |TAMS 0x0000000083200000, 0x0000000083200000| Untracked 
|  50|0x0000000083200000, 0x0000000083300000, 0x0000000083300000|100%| O|  |TAMS 0x0000000083300000, 0x0000000083300000| Untracked 
|  51|0x0000000083300000, 0x0000000083400000, 0x0000000083400000|100%| O|  |TAMS 0x0000000083400000, 0x0000000083400000| Untracked 
|  52|0x0000000083400000, 0x0000000083500000, 0x0000000083500000|100%| O|  |TAMS 0x0000000083500000, 0x0000000083500000| Untracked 
|  53|0x0000000083500000, 0x0000000083600000, 0x0000000083600000|100%| O|  |TAMS 0x0000000083600000, 0x0000000083600000| Untracked 
|  54|0x0000000083600000, 0x0000000083700000, 0x0000000083700000|100%|HS|  |TAMS 0x0000000083700000, 0x0000000083700000| Complete 
|  55|0x0000000083700000, 0x0000000083800000, 0x0000000083800000|100%|HS|  |TAMS 0x0000000083800000, 0x0000000083800000| Complete 
|  56|0x0000000083800000, 0x0000000083900000, 0x0000000083900000|100%|HS|  |TAMS 0x0000000083900000, 0x0000000083900000| Complete 
|  57|0x0000000083900000, 0x0000000083a00000, 0x0000000083a00000|100%|HC|  |TAMS 0x0000000083a00000, 0x0000000083a00000| Complete 
|  58|0x0000000083a00000, 0x0000000083b00000, 0x0000000083b00000|100%| O|  |TAMS 0x0000000083b00000, 0x0000000083b00000| Untracked 
|  59|0x0000000083b00000, 0x0000000083c00000, 0x0000000083c00000|100%| O|  |TAMS 0x0000000083c00000, 0x0000000083c00000| Untracked 
|  60|0x0000000083c00000, 0x0000000083d00000, 0x0000000083d00000|100%| O|  |TAMS 0x0000000083d00000, 0x0000000083d00000| Untracked 
|  61|0x0000000083d00000, 0x0000000083e00000, 0x0000000083e00000|100%| O|  |TAMS 0x0000000083e00000, 0x0000000083e00000| Untracked 
|  62|0x0000000083e00000, 0x0000000083f00000, 0x0000000083f00000|100%| O|  |TAMS 0x0000000083f00000, 0x0000000083f00000| Untracked 
|  63|0x0000000083f00000, 0x0000000084000000, 0x0000000084000000|100%| O|  |TAMS 0x0000000084000000, 0x0000000084000000| Untracked 
|  64|0x0000000084000000, 0x0000000084100000, 0x0000000084100000|100%| O|  |TAMS 0x0000000084100000, 0x0000000084100000| Untracked 
|  65|0x0000000084100000, 0x0000000084200000, 0x0000000084200000|100%| O|  |TAMS 0x0000000084200000, 0x0000000084200000| Untracked 
|  66|0x0000000084200000, 0x0000000084300000, 0x0000000084300000|100%| O|  |TAMS 0x0000000084300000, 0x0000000084300000| Untracked 
|  67|0x0000000084300000, 0x0000000084400000, 0x0000000084400000|100%| O|  |TAMS 0x0000000084400000, 0x0000000084400000| Untracked 
|  68|0x0000000084400000, 0x0000000084500000, 0x0000000084500000|100%| O|  |TAMS 0x0000000084500000, 0x0000000084500000| Untracked 
|  69|0x0000000084500000, 0x0000000084600000, 0x0000000084600000|100%| O|  |TAMS 0x0000000084600000, 0x0000000084600000| Untracked 
|  70|0x0000000084600000, 0x0000000084700000, 0x0000000084700000|100%| O|  |TAMS 0x0000000084700000, 0x0000000084700000| Untracked 
|  71|0x0000000084700000, 0x0000000084800000, 0x0000000084800000|100%| O|  |TAMS 0x0000000084800000, 0x0000000084800000| Untracked 
|  72|0x0000000084800000, 0x0000000084900000, 0x0000000084900000|100%| O|  |TAMS 0x0000000084900000, 0x0000000084900000| Untracked 
|  73|0x0000000084900000, 0x0000000084a00000, 0x0000000084a00000|100%| O|  |TAMS 0x0000000084a00000, 0x0000000084a00000| Untracked 
|  74|0x0000000084a00000, 0x0000000084b00000, 0x0000000084b00000|100%| O|  |TAMS 0x0000000084b00000, 0x0000000084b00000| Untracked 
|  75|0x0000000084b00000, 0x0000000084c00000, 0x0000000084c00000|100%| O|  |TAMS 0x0000000084c00000, 0x0000000084c00000| Untracked 
|  76|0x0000000084c00000, 0x0000000084d00000, 0x0000000084d00000|100%| O|  |TAMS 0x0000000084d00000, 0x0000000084d00000| Untracked 
|  77|0x0000000084d00000, 0x0000000084e00000, 0x0000000084e00000|100%| O|  |TAMS 0x0000000084e00000, 0x0000000084e00000| Untracked 
|  78|0x0000000084e00000, 0x0000000084f00000, 0x0000000084f00000|100%| O|  |TAMS 0x0000000084f00000, 0x0000000084f00000| Untracked 
|  79|0x0000000084f00000, 0x0000000085000000, 0x0000000085000000|100%| O|  |TAMS 0x0000000085000000, 0x0000000085000000| Untracked 
|  80|0x0000000085000000, 0x0000000085100000, 0x0000000085100000|100%| O|  |TAMS 0x0000000085100000, 0x0000000085100000| Untracked 
|  81|0x0000000085100000, 0x0000000085200000, 0x0000000085200000|100%| O|  |TAMS 0x0000000085200000, 0x0000000085200000| Untracked 
|  82|0x0000000085200000, 0x0000000085300000, 0x0000000085300000|100%| O|  |TAMS 0x0000000085300000, 0x0000000085300000| Untracked 
|  83|0x0000000085300000, 0x0000000085400000, 0x0000000085400000|100%| O|  |TAMS 0x0000000085400000, 0x0000000085400000| Untracked 
|  84|0x0000000085400000, 0x0000000085500000, 0x0000000085500000|100%| O|  |TAMS 0x0000000085500000, 0x0000000085500000| Untracked 
|  85|0x0000000085500000, 0x0000000085600000, 0x0000000085600000|100%| O|  |TAMS 0x0000000085600000, 0x0000000085600000| Untracked 
|  86|0x0000000085600000, 0x0000000085700000, 0x0000000085700000|100%| O|  |TAMS 0x0000000085700000, 0x0000000085700000| Untracked 
|  87|0x0000000085700000, 0x0000000085800000, 0x0000000085800000|100%| O|  |TAMS 0x0000000085800000, 0x0000000085800000| Untracked 
|  88|0x0000000085800000, 0x0000000085900000, 0x0000000085900000|100%| O|  |TAMS 0x0000000085900000, 0x0000000085900000| Untracked 
|  89|0x0000000085900000, 0x0000000085a00000, 0x0000000085a00000|100%| O|  |TAMS 0x0000000085a00000, 0x0000000085a00000| Untracked 
|  90|0x0000000085a00000, 0x0000000085b00000, 0x0000000085b00000|100%| O|  |TAMS 0x0000000085b00000, 0x0000000085b00000| Untracked 
|  91|0x0000000085b00000, 0x0000000085b00000, 0x0000000085c00000|  0%| F|  |TAMS 0x0000000085b00000, 0x0000000085b00000| Untracked 
|  92|0x0000000085c00000, 0x0000000085d00000, 0x0000000085d00000|100%| O|  |TAMS 0x0000000085d00000, 0x0000000085d00000| Untracked 
|  93|0x0000000085d00000, 0x0000000085e00000, 0x0000000085e00000|100%| O|  |TAMS 0x0000000085e00000, 0x0000000085e00000| Untracked 
|  94|0x0000000085e00000, 0x0000000085f00000, 0x0000000085f00000|100%| O|  |TAMS 0x0000000085f00000, 0x0000000085f00000| Untracked 
|  95|0x0000000085f00000, 0x0000000086000000, 0x0000000086000000|100%| O|  |TAMS 0x0000000086000000, 0x0000000086000000| Untracked 
|  96|0x0000000086000000, 0x0000000086100000, 0x0000000086100000|100%| O|  |TAMS 0x0000000086100000, 0x0000000086100000| Untracked 
|  97|0x0000000086100000, 0x0000000086100000, 0x0000000086200000|  0%| F|  |TAMS 0x0000000086100000, 0x0000000086100000| Untracked 
|  98|0x0000000086200000, 0x0000000086300000, 0x0000000086300000|100%| O|  |TAMS 0x0000000086300000, 0x0000000086300000| Untracked 
|  99|0x0000000086300000, 0x0000000086300000, 0x0000000086400000|  0%| F|  |TAMS 0x0000000086300000, 0x0000000086300000| Untracked 
| 100|0x0000000086400000, 0x0000000086500000, 0x0000000086500000|100%| O|  |TAMS 0x0000000086500000, 0x0000000086500000| Untracked 
| 101|0x0000000086500000, 0x0000000086600000, 0x0000000086600000|100%| O|  |TAMS 0x0000000086600000, 0x0000000086600000| Untracked 
| 102|0x0000000086600000, 0x0000000086700000, 0x0000000086700000|100%| O|  |TAMS 0x0000000086700000, 0x0000000086700000| Untracked 
| 103|0x0000000086700000, 0x0000000086800000, 0x0000000086800000|100%| O|  |TAMS 0x0000000086800000, 0x0000000086800000| Untracked 
| 104|0x0000000086800000, 0x0000000086900000, 0x0000000086900000|100%| O|  |TAMS 0x0000000086900000, 0x0000000086900000| Untracked 
| 105|0x0000000086900000, 0x0000000086a00000, 0x0000000086a00000|100%| O|  |TAMS 0x0000000086a00000, 0x0000000086a00000| Untracked 
| 106|0x0000000086a00000, 0x0000000086b00000, 0x0000000086b00000|100%| O|  |TAMS 0x0000000086b00000, 0x0000000086b00000| Untracked 
| 107|0x0000000086b00000, 0x0000000086c00000, 0x0000000086c00000|100%| O|  |TAMS 0x0000000086c00000, 0x0000000086c00000| Untracked 
| 108|0x0000000086c00000, 0x0000000086d00000, 0x0000000086d00000|100%| O|  |TAMS 0x0000000086d00000, 0x0000000086d00000| Untracked 
| 109|0x0000000086d00000, 0x0000000086e00000, 0x0000000086e00000|100%| O|  |TAMS 0x0000000086e00000, 0x0000000086e00000| Untracked 
| 110|0x0000000086e00000, 0x0000000086f00000, 0x0000000086f00000|100%| O|  |TAMS 0x0000000086f00000, 0x0000000086f00000| Untracked 
| 111|0x0000000086f00000, 0x0000000087000000, 0x0000000087000000|100%| O|  |TAMS 0x0000000087000000, 0x0000000087000000| Untracked 
| 112|0x0000000087000000, 0x0000000087000000, 0x0000000087100000|  0%| F|  |TAMS 0x0000000087000000, 0x0000000087000000| Untracked 
| 113|0x0000000087100000, 0x0000000087200000, 0x0000000087200000|100%| O|  |TAMS 0x0000000087200000, 0x0000000087200000| Untracked 
| 114|0x0000000087200000, 0x0000000087300000, 0x0000000087300000|100%| O|  |TAMS 0x0000000087300000, 0x0000000087300000| Untracked 
| 115|0x0000000087300000, 0x0000000087400000, 0x0000000087400000|100%| O|  |TAMS 0x0000000087400000, 0x0000000087400000| Untracked 
| 116|0x0000000087400000, 0x0000000087500000, 0x0000000087500000|100%| O|  |TAMS 0x0000000087500000, 0x0000000087500000| Untracked 
| 117|0x0000000087500000, 0x0000000087600000, 0x0000000087600000|100%| O|  |TAMS 0x0000000087600000, 0x0000000087600000| Untracked 
| 118|0x0000000087600000, 0x0000000087700000, 0x0000000087700000|100%| O|  |TAMS 0x0000000087700000, 0x0000000087700000| Untracked 
| 119|0x0000000087700000, 0x0000000087800000, 0x0000000087800000|100%| O|  |TAMS 0x0000000087800000, 0x0000000087800000| Untracked 
| 120|0x0000000087800000, 0x0000000087900000, 0x0000000087900000|100%| O|  |TAMS 0x0000000087900000, 0x0000000087900000| Untracked 
| 121|0x0000000087900000, 0x0000000087a00000, 0x0000000087a00000|100%| O|  |TAMS 0x0000000087a00000, 0x0000000087a00000| Untracked 
| 122|0x0000000087a00000, 0x0000000087b00000, 0x0000000087b00000|100%|HS|  |TAMS 0x0000000087b00000, 0x0000000087b00000| Complete 
| 123|0x0000000087b00000, 0x0000000087c00000, 0x0000000087c00000|100%|HC|  |TAMS 0x0000000087c00000, 0x0000000087c00000| Complete 
| 124|0x0000000087c00000, 0x0000000087d00000, 0x0000000087d00000|100%| O|  |TAMS 0x0000000087d00000, 0x0000000087d00000| Untracked 
| 125|0x0000000087d00000, 0x0000000087e00000, 0x0000000087e00000|100%| O|  |TAMS 0x0000000087e00000, 0x0000000087e00000| Untracked 
| 126|0x0000000087e00000, 0x0000000087f00000, 0x0000000087f00000|100%| O|  |TAMS 0x0000000087f00000, 0x0000000087f00000| Untracked 
| 127|0x0000000087f00000, 0x0000000088000000, 0x0000000088000000|100%| O|  |TAMS 0x0000000088000000, 0x0000000088000000| Untracked 
| 128|0x0000000088000000, 0x0000000088100000, 0x0000000088100000|100%| O|  |TAMS 0x0000000088100000, 0x0000000088100000| Untracked 
| 129|0x0000000088100000, 0x0000000088200000, 0x0000000088200000|100%| O|  |TAMS 0x0000000088200000, 0x0000000088200000| Untracked 
| 130|0x0000000088200000, 0x0000000088300000, 0x0000000088300000|100%| O|  |TAMS 0x0000000088300000, 0x0000000088300000| Untracked 
| 131|0x0000000088300000, 0x0000000088400000, 0x0000000088400000|100%| O|  |TAMS 0x0000000088400000, 0x0000000088400000| Untracked 
| 132|0x0000000088400000, 0x0000000088500000, 0x0000000088500000|100%| O|  |TAMS 0x0000000088500000, 0x0000000088500000| Untracked 
| 133|0x0000000088500000, 0x0000000088600000, 0x0000000088600000|100%| O|  |TAMS 0x0000000088600000, 0x0000000088600000| Untracked 
| 134|0x0000000088600000, 0x0000000088700000, 0x0000000088700000|100%| O|  |TAMS 0x0000000088700000, 0x0000000088700000| Untracked 
| 135|0x0000000088700000, 0x0000000088800000, 0x0000000088800000|100%| O|  |TAMS 0x0000000088800000, 0x0000000088800000| Untracked 
| 136|0x0000000088800000, 0x0000000088900000, 0x0000000088900000|100%| O|  |TAMS 0x0000000088900000, 0x0000000088900000| Untracked 
| 137|0x0000000088900000, 0x0000000088a00000, 0x0000000088a00000|100%| O|  |TAMS 0x0000000088a00000, 0x0000000088a00000| Untracked 
| 138|0x0000000088a00000, 0x0000000088b00000, 0x0000000088b00000|100%| O|  |TAMS 0x0000000088b00000, 0x0000000088b00000| Untracked 
| 139|0x0000000088b00000, 0x0000000088c00000, 0x0000000088c00000|100%| O|  |TAMS 0x0000000088c00000, 0x0000000088c00000| Untracked 
| 140|0x0000000088c00000, 0x0000000088d00000, 0x0000000088d00000|100%| O|  |TAMS 0x0000000088d00000, 0x0000000088d00000| Untracked 
| 141|0x0000000088d00000, 0x0000000088e00000, 0x0000000088e00000|100%| O|  |TAMS 0x0000000088e00000, 0x0000000088e00000| Untracked 
| 142|0x0000000088e00000, 0x0000000088f00000, 0x0000000088f00000|100%| O|  |TAMS 0x0000000088f00000, 0x0000000088f00000| Untracked 
| 143|0x0000000088f00000, 0x0000000089000000, 0x0000000089000000|100%| O|  |TAMS 0x0000000089000000, 0x0000000089000000| Untracked 
| 144|0x0000000089000000, 0x0000000089100000, 0x0000000089100000|100%| O|  |TAMS 0x0000000089100000, 0x0000000089100000| Untracked 
| 145|0x0000000089100000, 0x0000000089100000, 0x0000000089200000|  0%| F|  |TAMS 0x0000000089100000, 0x0000000089100000| Untracked 
| 146|0x0000000089200000, 0x0000000089300000, 0x0000000089300000|100%| O|  |TAMS 0x0000000089300000, 0x0000000089300000| Untracked 
| 147|0x0000000089300000, 0x0000000089300000, 0x0000000089400000|  0%| F|  |TAMS 0x0000000089300000, 0x0000000089300000| Untracked 
| 148|0x0000000089400000, 0x0000000089500000, 0x0000000089500000|100%| O|  |TAMS 0x0000000089500000, 0x0000000089500000| Untracked 
| 149|0x0000000089500000, 0x0000000089600000, 0x0000000089600000|100%| O|  |TAMS 0x0000000089600000, 0x0000000089600000| Untracked 
| 150|0x0000000089600000, 0x0000000089700000, 0x0000000089700000|100%| O|  |TAMS 0x0000000089700000, 0x0000000089700000| Untracked 
| 151|0x0000000089700000, 0x0000000089800000, 0x0000000089800000|100%| O|  |TAMS 0x0000000089800000, 0x0000000089800000| Untracked 
| 152|0x0000000089800000, 0x0000000089900000, 0x0000000089900000|100%| O|  |TAMS 0x0000000089900000, 0x0000000089900000| Untracked 
| 153|0x0000000089900000, 0x0000000089a00000, 0x0000000089a00000|100%| O|  |TAMS 0x0000000089a00000, 0x0000000089a00000| Untracked 
| 154|0x0000000089a00000, 0x0000000089b00000, 0x0000000089b00000|100%| O|  |TAMS 0x0000000089b00000, 0x0000000089b00000| Untracked 
| 155|0x0000000089b00000, 0x0000000089c00000, 0x0000000089c00000|100%| O|  |TAMS 0x0000000089c00000, 0x0000000089c00000| Untracked 
| 156|0x0000000089c00000, 0x0000000089d00000, 0x0000000089d00000|100%| O|  |TAMS 0x0000000089d00000, 0x0000000089d00000| Untracked 
| 157|0x0000000089d00000, 0x0000000089e00000, 0x0000000089e00000|100%| O|  |TAMS 0x0000000089e00000, 0x0000000089e00000| Untracked 
| 158|0x0000000089e00000, 0x0000000089f00000, 0x0000000089f00000|100%| O|  |TAMS 0x0000000089f00000, 0x0000000089f00000| Untracked 
| 159|0x0000000089f00000, 0x000000008a000000, 0x000000008a000000|100%| O|  |TAMS 0x000000008a000000, 0x000000008a000000| Untracked 
| 160|0x000000008a000000, 0x000000008a100000, 0x000000008a100000|100%| O|  |TAMS 0x000000008a100000, 0x000000008a100000| Untracked 
| 161|0x000000008a100000, 0x000000008a200000, 0x000000008a200000|100%| O|  |TAMS 0x000000008a200000, 0x000000008a200000| Untracked 
| 162|0x000000008a200000, 0x000000008a300000, 0x000000008a300000|100%| O|  |TAMS 0x000000008a300000, 0x000000008a300000| Untracked 
| 163|0x000000008a300000, 0x000000008a400000, 0x000000008a400000|100%| O|  |TAMS 0x000000008a400000, 0x000000008a400000| Untracked 
| 164|0x000000008a400000, 0x000000008a500000, 0x000000008a500000|100%| O|  |TAMS 0x000000008a500000, 0x000000008a500000| Untracked 
| 165|0x000000008a500000, 0x000000008a600000, 0x000000008a600000|100%| O|  |TAMS 0x000000008a600000, 0x000000008a600000| Untracked 
| 166|0x000000008a600000, 0x000000008a700000, 0x000000008a700000|100%| O|  |TAMS 0x000000008a700000, 0x000000008a700000| Untracked 
| 167|0x000000008a700000, 0x000000008a800000, 0x000000008a800000|100%| O|  |TAMS 0x000000008a800000, 0x000000008a800000| Untracked 
| 168|0x000000008a800000, 0x000000008a800000, 0x000000008a900000|  0%| F|  |TAMS 0x000000008a800000, 0x000000008a800000| Untracked 
| 169|0x000000008a900000, 0x000000008aa00000, 0x000000008aa00000|100%| O|  |TAMS 0x000000008a9dac00, 0x000000008aa00000| Untracked 
| 170|0x000000008aa00000, 0x000000008ab00000, 0x000000008ab00000|100%| O|  |TAMS 0x000000008aa00000, 0x000000008ab00000| Untracked 
| 171|0x000000008ab00000, 0x000000008ac00000, 0x000000008ac00000|100%| O|  |TAMS 0x000000008ab00000, 0x000000008ac00000| Untracked 
| 172|0x000000008ac00000, 0x000000008ad00000, 0x000000008ad00000|100%| O|  |TAMS 0x000000008ac00000, 0x000000008ad00000| Untracked 
| 173|0x000000008ad00000, 0x000000008ae00000, 0x000000008ae00000|100%| O|  |TAMS 0x000000008ad00000, 0x000000008ae00000| Untracked 
| 174|0x000000008ae00000, 0x000000008af00000, 0x000000008af00000|100%| O|  |TAMS 0x000000008ae00000, 0x000000008af00000| Untracked 
| 175|0x000000008af00000, 0x000000008b000000, 0x000000008b000000|100%| O|  |TAMS 0x000000008af00000, 0x000000008b000000| Untracked 
| 176|0x000000008b000000, 0x000000008b100000, 0x000000008b100000|100%| O|  |TAMS 0x000000008b000000, 0x000000008b100000| Untracked 
| 177|0x000000008b100000, 0x000000008b200000, 0x000000008b200000|100%| O|  |TAMS 0x000000008b100000, 0x000000008b200000| Untracked 
| 178|0x000000008b200000, 0x000000008b300000, 0x000000008b300000|100%| O|  |TAMS 0x000000008b200000, 0x000000008b300000| Untracked 
| 179|0x000000008b300000, 0x000000008b400000, 0x000000008b400000|100%| O|  |TAMS 0x000000008b300000, 0x000000008b400000| Untracked 
| 180|0x000000008b400000, 0x000000008b500000, 0x000000008b500000|100%| O|  |TAMS 0x000000008b400000, 0x000000008b500000| Untracked 
| 181|0x000000008b500000, 0x000000008b600000, 0x000000008b600000|100%| O|  |TAMS 0x000000008b500000, 0x000000008b600000| Untracked 
| 182|0x000000008b600000, 0x000000008b700000, 0x000000008b700000|100%| O|  |TAMS 0x000000008b600000, 0x000000008b700000| Untracked 
| 183|0x000000008b700000, 0x000000008b800000, 0x000000008b800000|100%| O|  |TAMS 0x000000008b700000, 0x000000008b800000| Untracked 
| 184|0x000000008b800000, 0x000000008b900000, 0x000000008b900000|100%| O|  |TAMS 0x000000008b800000, 0x000000008b900000| Untracked 
| 185|0x000000008b900000, 0x000000008ba00000, 0x000000008ba00000|100%| O|  |TAMS 0x000000008b900000, 0x000000008ba00000| Untracked 
| 186|0x000000008ba00000, 0x000000008bb00000, 0x000000008bb00000|100%| O|  |TAMS 0x000000008ba00000, 0x000000008bb00000| Untracked 
| 187|0x000000008bb00000, 0x000000008bc00000, 0x000000008bc00000|100%| O|  |TAMS 0x000000008bb00000, 0x000000008bc00000| Untracked 
| 188|0x000000008bc00000, 0x000000008bd00000, 0x000000008bd00000|100%| O|  |TAMS 0x000000008bc00000, 0x000000008bd00000| Untracked 
| 189|0x000000008bd00000, 0x000000008be00000, 0x000000008be00000|100%| O|  |TAMS 0x000000008bd00000, 0x000000008be00000| Untracked 
| 190|0x000000008be00000, 0x000000008bf00000, 0x000000008bf00000|100%| O|  |TAMS 0x000000008be00000, 0x000000008bf00000| Untracked 
| 191|0x000000008bf00000, 0x000000008c000000, 0x000000008c000000|100%| O|  |TAMS 0x000000008bf00000, 0x000000008c000000| Untracked 
| 192|0x000000008c000000, 0x000000008c100000, 0x000000008c100000|100%| O|  |TAMS 0x000000008c000000, 0x000000008c100000| Untracked 
| 193|0x000000008c100000, 0x000000008c200000, 0x000000008c200000|100%| O|  |TAMS 0x000000008c100000, 0x000000008c200000| Untracked 
| 194|0x000000008c200000, 0x000000008c300000, 0x000000008c300000|100%| O|  |TAMS 0x000000008c200000, 0x000000008c300000| Untracked 
| 195|0x000000008c300000, 0x000000008c400000, 0x000000008c400000|100%| O|  |TAMS 0x000000008c300000, 0x000000008c400000| Untracked 
| 196|0x000000008c400000, 0x000000008c500000, 0x000000008c500000|100%| O|  |TAMS 0x000000008c400000, 0x000000008c500000| Untracked 
| 197|0x000000008c500000, 0x000000008c600000, 0x000000008c600000|100%| O|  |TAMS 0x000000008c500000, 0x000000008c600000| Untracked 
| 198|0x000000008c600000, 0x000000008c700000, 0x000000008c700000|100%| O|  |TAMS 0x000000008c600000, 0x000000008c700000| Untracked 
| 199|0x000000008c700000, 0x000000008c800000, 0x000000008c800000|100%| O|  |TAMS 0x000000008c700000, 0x000000008c800000| Untracked 
| 200|0x000000008c800000, 0x000000008c900000, 0x000000008c900000|100%| O|  |TAMS 0x000000008c800000, 0x000000008c900000| Untracked 
| 201|0x000000008c900000, 0x000000008ca00000, 0x000000008ca00000|100%| O|  |TAMS 0x000000008c900000, 0x000000008ca00000| Untracked 
| 202|0x000000008ca00000, 0x000000008ca7fe00, 0x000000008cb00000| 49%| O|  |TAMS 0x000000008ca00000, 0x000000008ca7fe00| Untracked 
| 203|0x000000008cb00000, 0x000000008cb00000, 0x000000008cc00000|  0%| F|  |TAMS 0x000000008cb00000, 0x000000008cb00000| Untracked 
| 204|0x000000008cc00000, 0x000000008cc00000, 0x000000008cd00000|  0%| F|  |TAMS 0x000000008cc00000, 0x000000008cc00000| Untracked 
| 205|0x000000008cd00000, 0x000000008cd00000, 0x000000008ce00000|  0%| F|  |TAMS 0x000000008cd00000, 0x000000008cd00000| Untracked 
| 206|0x000000008ce00000, 0x000000008ce00000, 0x000000008cf00000|  0%| F|  |TAMS 0x000000008ce00000, 0x000000008ce00000| Untracked 
| 207|0x000000008cf00000, 0x000000008cf00000, 0x000000008d000000|  0%| F|  |TAMS 0x000000008cf00000, 0x000000008cf00000| Untracked 
| 208|0x000000008d000000, 0x000000008d000000, 0x000000008d100000|  0%| F|  |TAMS 0x000000008d000000, 0x000000008d000000| Untracked 
| 209|0x000000008d100000, 0x000000008d100000, 0x000000008d200000|  0%| F|  |TAMS 0x000000008d100000, 0x000000008d100000| Untracked 
| 210|0x000000008d200000, 0x000000008d200000, 0x000000008d300000|  0%| F|  |TAMS 0x000000008d200000, 0x000000008d200000| Untracked 
| 211|0x000000008d300000, 0x000000008d300000, 0x000000008d400000|  0%| F|  |TAMS 0x000000008d300000, 0x000000008d300000| Untracked 
| 212|0x000000008d400000, 0x000000008d400000, 0x000000008d500000|  0%| F|  |TAMS 0x000000008d400000, 0x000000008d400000| Untracked 
| 213|0x000000008d500000, 0x000000008d500000, 0x000000008d600000|  0%| F|  |TAMS 0x000000008d500000, 0x000000008d500000| Untracked 
| 214|0x000000008d600000, 0x000000008d600000, 0x000000008d700000|  0%| F|  |TAMS 0x000000008d600000, 0x000000008d600000| Untracked 
| 215|0x000000008d700000, 0x000000008d700000, 0x000000008d800000|  0%| F|  |TAMS 0x000000008d700000, 0x000000008d700000| Untracked 
| 216|0x000000008d800000, 0x000000008d800000, 0x000000008d900000|  0%| F|  |TAMS 0x000000008d800000, 0x000000008d800000| Untracked 
| 217|0x000000008d900000, 0x000000008d900000, 0x000000008da00000|  0%| F|  |TAMS 0x000000008d900000, 0x000000008d900000| Untracked 
| 218|0x000000008da00000, 0x000000008da00000, 0x000000008db00000|  0%| F|  |TAMS 0x000000008da00000, 0x000000008da00000| Untracked 
| 219|0x000000008db00000, 0x000000008db00000, 0x000000008dc00000|  0%| F|  |TAMS 0x000000008db00000, 0x000000008db00000| Untracked 
| 220|0x000000008dc00000, 0x000000008dc00000, 0x000000008dd00000|  0%| F|  |TAMS 0x000000008dc00000, 0x000000008dc00000| Untracked 
| 221|0x000000008dd00000, 0x000000008dd00000, 0x000000008de00000|  0%| F|  |TAMS 0x000000008dd00000, 0x000000008dd00000| Untracked 
| 222|0x000000008de00000, 0x000000008de00000, 0x000000008df00000|  0%| F|  |TAMS 0x000000008de00000, 0x000000008de00000| Untracked 
| 223|0x000000008df00000, 0x000000008df00000, 0x000000008e000000|  0%| F|  |TAMS 0x000000008df00000, 0x000000008df00000| Untracked 
| 224|0x000000008e000000, 0x000000008e000000, 0x000000008e100000|  0%| F|  |TAMS 0x000000008e000000, 0x000000008e000000| Untracked 
| 225|0x000000008e100000, 0x000000008e1bd338, 0x000000008e200000| 73%| S|CS|TAMS 0x000000008e100000, 0x000000008e100000| Complete 
| 226|0x000000008e200000, 0x000000008e300000, 0x000000008e300000|100%| S|CS|TAMS 0x000000008e200000, 0x000000008e200000| Complete 
| 227|0x000000008e300000, 0x000000008e400000, 0x000000008e400000|100%| S|CS|TAMS 0x000000008e300000, 0x000000008e300000| Complete 
| 228|0x000000008e400000, 0x000000008e400000, 0x000000008e500000|  0%| F|  |TAMS 0x000000008e400000, 0x000000008e400000| Untracked 
| 229|0x000000008e500000, 0x000000008e500000, 0x000000008e600000|  0%| F|  |TAMS 0x000000008e500000, 0x000000008e500000| Untracked 
| 230|0x000000008e600000, 0x000000008e600000, 0x000000008e700000|  0%| F|  |TAMS 0x000000008e600000, 0x000000008e600000| Untracked 
| 231|0x000000008e700000, 0x000000008e700000, 0x000000008e800000|  0%| F|  |TAMS 0x000000008e700000, 0x000000008e700000| Untracked 
| 232|0x000000008e800000, 0x000000008e800000, 0x000000008e900000|  0%| F|  |TAMS 0x000000008e800000, 0x000000008e800000| Untracked 
| 233|0x000000008e900000, 0x000000008e900000, 0x000000008ea00000|  0%| F|  |TAMS 0x000000008e900000, 0x000000008e900000| Untracked 
| 234|0x000000008ea00000, 0x000000008ea00000, 0x000000008eb00000|  0%| F|  |TAMS 0x000000008ea00000, 0x000000008ea00000| Untracked 
| 235|0x000000008eb00000, 0x000000008eb00000, 0x000000008ec00000|  0%| F|  |TAMS 0x000000008eb00000, 0x000000008eb00000| Untracked 
| 236|0x000000008ec00000, 0x000000008ec00000, 0x000000008ed00000|  0%| F|  |TAMS 0x000000008ec00000, 0x000000008ec00000| Untracked 
| 237|0x000000008ed00000, 0x000000008ed00000, 0x000000008ee00000|  0%| F|  |TAMS 0x000000008ed00000, 0x000000008ed00000| Untracked 
| 238|0x000000008ee00000, 0x000000008ee00000, 0x000000008ef00000|  0%| F|  |TAMS 0x000000008ee00000, 0x000000008ee00000| Untracked 
| 239|0x000000008ef00000, 0x000000008ef00000, 0x000000008f000000|  0%| F|  |TAMS 0x000000008ef00000, 0x000000008ef00000| Untracked 
| 240|0x000000008f000000, 0x000000008f000000, 0x000000008f100000|  0%| F|  |TAMS 0x000000008f000000, 0x000000008f000000| Untracked 
| 241|0x000000008f100000, 0x000000008f100000, 0x000000008f200000|  0%| F|  |TAMS 0x000000008f100000, 0x000000008f100000| Untracked 
| 242|0x000000008f200000, 0x000000008f200000, 0x000000008f300000|  0%| F|  |TAMS 0x000000008f200000, 0x000000008f200000| Untracked 
| 243|0x000000008f300000, 0x000000008f300000, 0x000000008f400000|  0%| F|  |TAMS 0x000000008f300000, 0x000000008f300000| Untracked 
| 244|0x000000008f400000, 0x000000008f400000, 0x000000008f500000|  0%| F|  |TAMS 0x000000008f400000, 0x000000008f400000| Untracked 
| 245|0x000000008f500000, 0x000000008f500000, 0x000000008f600000|  0%| F|  |TAMS 0x000000008f500000, 0x000000008f500000| Untracked 
| 246|0x000000008f600000, 0x000000008f600000, 0x000000008f700000|  0%| F|  |TAMS 0x000000008f600000, 0x000000008f600000| Untracked 
| 247|0x000000008f700000, 0x000000008f700000, 0x000000008f800000|  0%| F|  |TAMS 0x000000008f700000, 0x000000008f700000| Untracked 

Card table byte_map: [0x00000252fd620000,0x00000252fda20000] _byte_map_base: 0x00000252fd220000

Marking Bits (Prev, Next): (CMBitMap*) 0x00000252f74ee918, (CMBitMap*) 0x00000252f74ee950
 Prev Bits: [0x00000252fde20000, 0x00000252ffe20000)
 Next Bits: [0x000002528f000000, 0x0000025291000000)

Polling page: 0x00000252f7340000

Metaspace:

Usage:
  Non-class:    118.92 MB capacity,   116.58 MB ( 98%) used,     1.92 MB (  2%) free+waste,   427.44 KB ( <1%) overhead. 
      Class:     17.79 MB capacity,    16.48 MB ( 93%) used,     1.12 MB (  6%) free+waste,   191.38 KB (  1%) overhead. 
       Both:    136.70 MB capacity,   133.06 MB ( 97%) used,     3.03 MB (  2%) free+waste,   618.81 KB ( <1%) overhead. 

Virtual space:
  Non-class space:      120.00 MB reserved,     118.96 MB (>99%) committed 
      Class space:        1.00 GB reserved,      17.88 MB (  2%) committed 
             Both:        1.12 GB reserved,     136.84 MB ( 12%) committed 

Chunk freelists:
   Non-Class:  45.00 KB
       Class:  27.00 KB
        Both:  72.00 KB

MaxMetaspaceSize: 17179869184.00 GB
CompressedClassSpaceSize: 1.00 GB

CodeHeap 'non-profiled nmethods': size=120000Kb used=13912Kb max_used=13912Kb free=106087Kb
 bounds [0x0000025287ad0000, 0x0000025288870000, 0x000002528f000000]
CodeHeap 'profiled nmethods': size=120000Kb used=47579Kb max_used=47579Kb free=72420Kb
 bounds [0x00000252805a0000, 0x0000025283440000, 0x0000025287ad0000]
CodeHeap 'non-nmethods': size=5760Kb used=2440Kb max_used=2484Kb free=3319Kb
 bounds [0x0000025280000000, 0x0000025280280000, 0x00000252805a0000]
 total_blobs=22152 nmethods=21053 adapters=1009
 compilation: enabled
              stopped_count=0, restarted_count=0
 full_count=0

Compilation events (20 events):
Event: 121.825 Thread 0x0000025294213800 nmethod 23912 0x0000025280d6c710 code [0x0000025280d6c8c0, 0x0000025280d6c998]
Event: 121.825 Thread 0x0000025294213800 23917       2       com.android.tools.r8.internal.W4::a (103 bytes)
Event: 121.826 Thread 0x0000025294213800 nmethod 23917 0x0000025283432c90 code [0x0000025283432e60, 0x0000025283433078]
Event: 121.826 Thread 0x0000025294213800 23918       2       com.android.tools.r8.internal.h2::a (95 bytes)
Event: 121.826 Thread 0x0000025294213800 nmethod 23918 0x0000025283433190 code [0x0000025283433380, 0x0000025283433708]
Event: 121.826 Thread 0x0000025294213800 23913       2       com.android.tools.r8.internal.Ze::H (2 bytes)
Event: 121.826 Thread 0x0000025294213800 nmethod 23913 0x0000025283433910 code [0x0000025283433ac0, 0x0000025283433bb8]
Event: 121.826 Thread 0x0000025294213800 23921       2       com.android.tools.r8.ir.regalloc.b::v (28 bytes)
Event: 121.827 Thread 0x0000025294213800 nmethod 23921 0x0000025283433c90 code [0x0000025283433e40, 0x0000025283433fa8]
Event: 121.827 Thread 0x0000025294213800 23907       2       com.android.tools.r8.internal.h5::a (9 bytes)
Event: 121.827 Thread 0x0000025294213800 nmethod 23907 0x0000025283434090 code [0x0000025283434240, 0x0000025283434368]
Event: 121.827 Thread 0x0000025294213800 23905       2       com.android.tools.r8.internal.g5::<init> (5 bytes)
Event: 121.827 Thread 0x0000025294213800 nmethod 23905 0x0000025283434410 code [0x00000252834345c0, 0x00000252834346b8]
Event: 121.827 Thread 0x0000025294213800 23922       2       com.android.tools.r8.internal.W4::g (2 bytes)
Event: 121.827 Thread 0x0000025294213800 nmethod 23922 0x0000025283434790 code [0x0000025283434940, 0x0000025283434a38]
Event: 121.827 Thread 0x0000025294213800 23923       3       com.android.tools.r8.internal.wj::b (65 bytes)
Event: 121.828 Thread 0x0000025294213800 nmethod 23923 0x0000025283434b10 code [0x0000025283434d40, 0x00000252834354e8]
Event: 121.828 Thread 0x0000025294213800 23931       2       java.util.IdentityHashMap::remove (102 bytes)
Event: 121.828 Thread 0x0000025294213800 nmethod 23931 0x0000025283435790 code [0x0000025283435960, 0x0000025283435c58]
Event: 121.828 Thread 0x0000025294213800 23927       2       java.util.IdentityHashMap::closeDeletion (107 bytes)

GC Heap History (20 events):
Event: 120.713 GC heap before
{Heap before GC invocations=60 (full 0):
 garbage-first heap   total 253952K, used 209662K [0x0000000080000000, 0x0000000100000000)
  region size 1024K, 68 young (69632K), 10 survivors (10240K)
 Metaspace       used 131927K, capacity 135478K, committed 135640K, reserved 1167360K
  class space    used 16136K, capacity 17396K, committed 17408K, reserved 1048576K
}
Event: 120.727 GC heap after
{Heap after GC invocations=61 (full 0):
 garbage-first heap   total 253952K, used 160086K [0x0000000080000000, 0x0000000100000000)
  region size 1024K, 9 young (9216K), 9 survivors (9216K)
 Metaspace       used 131927K, capacity 135478K, committed 135640K, reserved 1167360K
  class space    used 16136K, capacity 17396K, committed 17408K, reserved 1048576K
}
Event: 120.830 GC heap before
{Heap before GC invocations=61 (full 0):
 garbage-first heap   total 253952K, used 208214K [0x0000000080000000, 0x0000000100000000)
  region size 1024K, 57 young (58368K), 9 survivors (9216K)
 Metaspace       used 132168K, capacity 135741K, committed 136024K, reserved 1167360K
  class space    used 16186K, capacity 17461K, committed 17536K, reserved 1048576K
}
Event: 120.845 GC heap after
{Heap after GC invocations=62 (full 0):
 garbage-first heap   total 253952K, used 171769K [0x0000000080000000, 0x0000000100000000)
  region size 1024K, 8 young (8192K), 8 survivors (8192K)
 Metaspace       used 132168K, capacity 135741K, committed 136024K, reserved 1167360K
  class space    used 16186K, capacity 17461K, committed 17536K, reserved 1048576K
}
Event: 120.942 GC heap before
{Heap before GC invocations=62 (full 0):
 garbage-first heap   total 253952K, used 209657K [0x0000000080000000, 0x0000000100000000)
  region size 1024K, 45 young (46080K), 8 survivors (8192K)
 Metaspace       used 132426K, capacity 135941K, committed 136024K, reserved 1167360K
  class space    used 16204K, capacity 17462K, committed 17536K, reserved 1048576K
}
Event: 120.962 GC heap after
{Heap after GC invocations=63 (full 0):
 garbage-first heap   total 253952K, used 180075K [0x0000000080000000, 0x0000000100000000)
  region size 1024K, 6 young (6144K), 6 survivors (6144K)
 Metaspace       used 132426K, capacity 135941K, committed 136024K, reserved 1167360K
  class space    used 16204K, capacity 17462K, committed 17536K, reserved 1048576K
}
Event: 121.059 GC heap before
{Heap before GC invocations=63 (full 0):
 garbage-first heap   total 253952K, used 211819K [0x0000000080000000, 0x0000000100000000)
  region size 1024K, 38 young (38912K), 6 survivors (6144K)
 Metaspace       used 132676K, capacity 136256K, committed 136536K, reserved 1169408K
  class space    used 16222K, capacity 17501K, committed 17536K, reserved 1048576K
}
Event: 121.070 GC heap after
{Heap after GC invocations=64 (full 0):
 garbage-first heap   total 253952K, used 186368K [0x0000000080000000, 0x0000000100000000)
  region size 1024K, 5 young (5120K), 5 survivors (5120K)
 Metaspace       used 132676K, capacity 136256K, committed 136536K, reserved 1169408K
  class space    used 16222K, capacity 17501K, committed 17536K, reserved 1048576K
}
Event: 121.156 GC heap before
{Heap before GC invocations=64 (full 0):
 garbage-first heap   total 253952K, used 215040K [0x0000000080000000, 0x0000000100000000)
  region size 1024K, 33 young (33792K), 5 survivors (5120K)
 Metaspace       used 132695K, capacity 136258K, committed 136536K, reserved 1169408K
  class space    used 16222K, capacity 17501K, committed 17536K, reserved 1048576K
}
Event: 121.165 GC heap after
{Heap after GC invocations=65 (full 0):
 garbage-first heap   total 253952K, used 191493K [0x0000000080000000, 0x0000000100000000)
  region size 1024K, 5 young (5120K), 5 survivors (5120K)
 Metaspace       used 132695K, capacity 136258K, committed 136536K, reserved 1169408K
  class space    used 16222K, capacity 17501K, committed 17536K, reserved 1048576K
}
Event: 121.272 GC heap before
{Heap before GC invocations=65 (full 0):
 garbage-first heap   total 253952K, used 217093K [0x0000000080000000, 0x0000000100000000)
  region size 1024K, 30 young (30720K), 5 survivors (5120K)
 Metaspace       used 132794K, capacity 136350K, committed 136536K, reserved 1169408K
  class space    used 16233K, capacity 17506K, committed 17536K, reserved 1048576K
}
Event: 121.280 GC heap after
{Heap after GC invocations=66 (full 0):
 garbage-first heap   total 253952K, used 194955K [0x0000000080000000, 0x0000000100000000)
  region size 1024K, 4 young (4096K), 4 survivors (4096K)
 Metaspace       used 132794K, capacity 136350K, committed 136536K, reserved 1169408K
  class space    used 16233K, capacity 17506K, committed 17536K, reserved 1048576K
}
Event: 121.324 GC heap before
{Heap before GC invocations=66 (full 0):
 garbage-first heap   total 253952K, used 218507K [0x0000000080000000, 0x0000000100000000)
  region size 1024K, 27 young (27648K), 4 survivors (4096K)
 Metaspace       used 133261K, capacity 136786K, committed 136920K, reserved 1169408K
  class space    used 16322K, capacity 17587K, committed 17664K, reserved 1048576K
}
Event: 121.331 GC heap after
{Heap after GC invocations=67 (full 0):
 garbage-first heap   total 253952K, used 197173K [0x0000000080000000, 0x0000000100000000)
  region size 1024K, 4 young (4096K), 4 survivors (4096K)
 Metaspace       used 133261K, capacity 136786K, committed 136920K, reserved 1169408K
  class space    used 16322K, capacity 17587K, committed 17664K, reserved 1048576K
}
Event: 121.381 GC heap before
{Heap before GC invocations=67 (full 0):
 garbage-first heap   total 253952K, used 217653K [0x0000000080000000, 0x0000000100000000)
  region size 1024K, 25 young (25600K), 4 survivors (4096K)
 Metaspace       used 133573K, capacity 137106K, committed 137176K, reserved 1169408K
  class space    used 16381K, capacity 17651K, committed 17664K, reserved 1048576K
}
Event: 121.388 GC heap after
{Heap after GC invocations=68 (full 0):
 garbage-first heap   total 253952K, used 200484K [0x0000000080000000, 0x0000000100000000)
  region size 1024K, 4 young (4096K), 4 survivors (4096K)
 Metaspace       used 133573K, capacity 137106K, committed 137176K, reserved 1169408K
  class space    used 16381K, capacity 17651K, committed 17664K, reserved 1048576K
}
Event: 121.643 GC heap before
{Heap before GC invocations=69 (full 0):
 garbage-first heap   total 253952K, used 218916K [0x0000000080000000, 0x0000000100000000)
  region size 1024K, 23 young (23552K), 4 survivors (4096K)
 Metaspace       used 135668K, capacity 139377K, committed 139480K, reserved 1171456K
  class space    used 16758K, capacity 18098K, committed 18176K, reserved 1048576K
}
Event: 121.653 GC heap after
{Heap after GC invocations=70 (full 0):
 garbage-first heap   total 253952K, used 202996K [0x0000000080000000, 0x0000000100000000)
  region size 1024K, 3 young (3072K), 3 survivors (3072K)
 Metaspace       used 135668K, capacity 139377K, committed 139480K, reserved 1171456K
  class space    used 16758K, capacity 18098K, committed 18176K, reserved 1048576K
}
Event: 121.745 GC heap before
{Heap before GC invocations=70 (full 0):
 garbage-first heap   total 253952K, used 211188K [0x0000000080000000, 0x0000000100000000)
  region size 1024K, 12 young (12288K), 3 survivors (3072K)
 Metaspace       used 135940K, capacity 139667K, committed 139736K, reserved 1171456K
  class space    used 16824K, capacity 18174K, committed 18176K, reserved 1048576K
}
Event: 121.757 GC heap after
{Heap after GC invocations=71 (full 0):
 garbage-first heap   total 253952K, used 201280K [0x0000000080000000, 0x0000000100000000)
  region size 1024K, 2 young (2048K), 2 survivors (2048K)
 Metaspace       used 135940K, capacity 139667K, committed 139736K, reserved 1171456K
  class space    used 16824K, capacity 18174K, committed 18176K, reserved 1048576K
}

Deoptimization events (20 events):
Event: 121.575 Thread 0x000002529b53a000 DEOPT PACKING pc=0x000002528883aa74 sp=0x000000e3f49f9910
Event: 121.575 Thread 0x000002529b53a000 DEOPT UNPACKING pc=0x00000252800278af sp=0x000000e3f49f9848 mode 2
Event: 121.582 Thread 0x000002529b53b800 Uncommon trap: trap_request=0xffffffde fr.pc=0x000002528882a8dc relative=0x000000000000011c
Event: 121.582 Thread 0x000002529b53b800 Uncommon trap: reason=class_check action=maybe_recompile pc=0x000002528882a8dc method=com.android.tools.r8.internal.AA.a(Ljava/lang/Object;[Lcom/android/tools/r8/internal/yf;I)Ljava/lang/Object; @ 13 c2
Event: 121.582 Thread 0x000002529b53b800 DEOPT PACKING pc=0x000002528882a8dc sp=0x000000e3f4df9bc0
Event: 121.582 Thread 0x000002529b53b800 DEOPT UNPACKING pc=0x00000252800278af sp=0x000000e3f4df9b68 mode 2
Event: 121.599 Thread 0x000002529b536000 DEOPT PACKING pc=0x0000025281d50e47 sp=0x000000e3f4ff8cc0
Event: 121.599 Thread 0x000002529b536000 DEOPT UNPACKING pc=0x00000252800276ce sp=0x000000e3f4ff8128 mode 0
Event: 121.599 Thread 0x000002529b53b800 Uncommon trap: trap_request=0xffffff4d fr.pc=0x0000025288048288 relative=0x00000000000011e8
Event: 121.599 Thread 0x000002529b53b800 Uncommon trap: reason=unstable_if action=reinterpret pc=0x0000025288048288 method=java.util.HashMap.computeIfAbsent(Ljava/lang/Object;Ljava/util/function/Function;)Ljava/lang/Object; @ 145 c2
Event: 121.599 Thread 0x000002529b53b800 DEOPT PACKING pc=0x0000025288048288 sp=0x000000e3f4df9aa0
Event: 121.599 Thread 0x000002529b53b800 DEOPT UNPACKING pc=0x00000252800278af sp=0x000000e3f4df9a80 mode 2
Event: 121.662 Thread 0x000002529b53b800 Uncommon trap: trap_request=0xffffff7e fr.pc=0x00000252880f7964 relative=0x0000000000000244
Event: 121.662 Thread 0x000002529b53b800 Uncommon trap: reason=predicate action=maybe_recompile pc=0x00000252880f7964 method=com.android.tools.r8.graph.c0.a([C)I @ 8 c2
Event: 121.662 Thread 0x000002529b53b800 DEOPT PACKING pc=0x00000252880f7964 sp=0x000000e3f4df9be0
Event: 121.662 Thread 0x000002529b53b800 DEOPT UNPACKING pc=0x00000252800278af sp=0x000000e3f4df9b68 mode 2
Event: 121.813 Thread 0x000002529b53b800 DEOPT PACKING pc=0x00000252834020e3 sp=0x000000e3f4df97a0
Event: 121.813 Thread 0x000002529b53b800 DEOPT UNPACKING pc=0x00000252800276ce sp=0x000000e3f4df8c38 mode 0
Event: 121.827 Thread 0x000002529b536000 DEOPT PACKING pc=0x0000025281f25763 sp=0x000000e3f4ffa020
Event: 121.827 Thread 0x000002529b536000 DEOPT UNPACKING pc=0x00000252800276ce sp=0x000000e3f4ff9510 mode 0

Classes redefined (0 events):
No events

Internal exceptions (20 events):
Event: 120.373 Thread 0x000002529b539000 Exception <a 'java/lang/NoSuchMethodError'{0x000000008c129f48}: 'java.lang.Object java.lang.invoke.DirectMethodHandle$Holder.invokeStatic(java.lang.Object, long)'> (0x000000008c129f48) thrown at [./src/hotspot/share/interpreter/linkResolver.cpp, line 773]
Event: 120.567 Thread 0x000002529b53a000 Exception <a 'java/lang/IncompatibleClassChangeError'{0x000000008e987658}: Found class java.lang.Object, but interface was expected> (0x000000008e987658) thrown at [./src/hotspot/share/interpreter/linkResolver.cpp, line 839]
Event: 120.568 Thread 0x000002529b53a000 Exception <a 'java/lang/NoSuchMethodError'{0x000000008e98f5a8}: 'java.lang.Object java.lang.invoke.DirectMethodHandle$Holder.newInvokeSpecial(java.lang.Object, int)'> (0x000000008e98f5a8) thrown at [./src/hotspot/share/interpreter/linkResolver.cpp, line 773]
Event: 120.571 Thread 0x000002529b53a000 Exception <a 'java/lang/IncompatibleClassChangeError'{0x000000008e811338}: Found class java.lang.Object, but interface was expected> (0x000000008e811338) thrown at [./src/hotspot/share/interpreter/linkResolver.cpp, line 839]
Event: 120.571 Thread 0x000002529b53a000 Exception <a 'java/lang/IncompatibleClassChangeError'{0x000000008e81b3e8}: Found class java.lang.Object, but interface was expected> (0x000000008e81b3e8) thrown at [./src/hotspot/share/interpreter/linkResolver.cpp, line 839]
Event: 120.607 Thread 0x000002529b53a000 Exception <a 'java/lang/IncompatibleClassChangeError'{0x000000008dd28828}: Found class java.lang.Object, but interface was expected> (0x000000008dd28828) thrown at [./src/hotspot/share/interpreter/linkResolver.cpp, line 839]
Event: 120.731 Thread 0x000002529b53b800 Exception <a 'sun/nio/fs/WindowsException'{0x000000008f4a9ae0}> (0x000000008f4a9ae0) thrown at [./src/hotspot/share/prims/jni.cpp, line 615]
Event: 120.732 Thread 0x000002529b536000 Exception <a 'sun/nio/fs/WindowsException'{0x000000008f3b1c98}> (0x000000008f3b1c98) thrown at [./src/hotspot/share/prims/jni.cpp, line 615]
Event: 121.004 Thread 0x000002529755c000 Implicit null exception at 0x000002528881dbdb to 0x000002528881f9c0
Event: 121.028 Thread 0x000002529755d000 Implicit null exception at 0x000002528881dbdb to 0x000002528881f9c0
Event: 121.028 Thread 0x000002529b53b800 Implicit null exception at 0x000002528881d94b to 0x000002528881fb3c
Event: 121.044 Thread 0x000002529b53a800 Exception <a 'java/lang/NoSuchMethodError'{0x000000008dbba538}: 'int java.lang.invoke.DirectMethodHandle$Holder.invokeSpecial(java.lang.Object, java.lang.Object, java.lang.Object, java.lang.Object, java.lang.Object, java.lang.Object, java.lang.Object, java.lang.Object, java.lang.Object)'> (0x000000008dbba538) thrown at [./src/hotspot/share/interpreter/linkResolver.cpp, line 773]
Event: 121.045 Thread 0x000002529b53a800 Exception <a 'java/lang/NoSuchMethodError'{0x000000008da66908}: 'java.lang.Object java.lang.invoke.Invokers$Holder.linkToTargetMethod(java.lang.Object, java.lang.Object, java.lang.Object, java.lang.Object, java.lang.Object, java.lang.Object, java.lang.Object, java.lang.Object)'> (0x000000008da66908) thrown at [./src/hotspot/share/interpreter/linkResolver.cpp, line 773]
Event: 121.374 Thread 0x000002529755a800 Exception <a 'sun/nio/fs/WindowsException'{0x000000008e5bd518}> (0x000000008e5bd518) thrown at [./src/hotspot/share/prims/jni.cpp, line 615]
Event: 121.391 Thread 0x000002529b53b800 Exception <a 'java/lang/NoSuchMethodError'{0x000000008f763d90}: 'java.lang.Object java.lang.invoke.DirectMethodHandle$Holder.invokeVirtual(java.lang.Object, java.lang.Object, int, java.lang.Object)'> (0x000000008f763d90) thrown at [./src/hotspot/share/interpreter/linkResolver.cpp, line 773]
Event: 121.391 Thread 0x000002529b539000 Exception <a 'java/lang/NoSuchMethodError'{0x000000008f777f80}: 'java.lang.Object java.lang.invoke.DirectMethodHandle$Holder.invokeVirtual(java.lang.Object, java.lang.Object, int, java.lang.Object)'> (0x000000008f777f80) thrown at [./src/hotspot/share/interpreter/linkResolver.cpp, line 773]
Event: 121.392 Thread 0x000002529755d000 Exception <a 'java/lang/NoSuchMethodError'{0x000000008f7066b8}: 'java.lang.Object java.lang.invoke.DirectMethodHandle$Holder.invokeVirtual(java.lang.Object, java.lang.Object, int, java.lang.Object)'> (0x000000008f7066b8) thrown at [./src/hotspot/share/interpreter/linkResolver.cpp, line 773]
Event: 121.392 Thread 0x000002529b536000 Exception <a 'java/lang/NoSuchMethodError'{0x000000008f7027f0}: 'java.lang.Object java.lang.invoke.DirectMethodHandle$Holder.invokeVirtual(java.lang.Object, java.lang.Object, int, java.lang.Object)'> (0x000000008f7027f0) thrown at [./src/hotspot/share/interpreter/linkResolver.cpp, line 773]
Event: 121.429 Thread 0x000002529755c000 Exception <a 'java/lang/NoSuchMethodError'{0x000000008f3eb0b0}: 'void java.lang.invoke.DirectMethodHandle$Holder.invokeVirtual(java.lang.Object, java.lang.Object, int, java.lang.Object)'> (0x000000008f3eb0b0) thrown at [./src/hotspot/share/interpreter/linkResolver.cpp, line 773]
Event: 121.687 Thread 0x000002529b53a000 Exception <a 'java/lang/NoSuchMethodError'{0x000000008f455f48}: 'java.lang.Object java.lang.invoke.DirectMethodHandle$Holder.invokeInterface(java.lang.Object, java.lang.Object, int)'> (0x000000008f455f48) thrown at [./src/hotspot/share/interpreter/linkResolver.cpp, line 773]

Events (20 events):
Event: 121.818 loading class com/android/tools/r8/internal/Bt$a
Event: 121.818 loading class com/android/tools/r8/internal/Bt$a done
Event: 121.818 loading class com/android/tools/r8/code/e2
Event: 121.818 loading class com/android/tools/r8/code/e2 done
Event: 121.818 loading class com/android/tools/r8/internal/W4
Event: 121.818 loading class com/android/tools/r8/internal/W4 done
Event: 121.819 loading class com/android/tools/r8/internal/s4
Event: 121.819 loading class com/android/tools/r8/internal/s4 done
Event: 121.819 loading class com/android/tools/r8/internal/s4
Event: 121.819 loading class com/android/tools/r8/internal/s4 done
Event: 121.819 loading class com/android/tools/r8/internal/s4
Event: 121.819 loading class com/android/tools/r8/internal/s4 done
Event: 121.819 loading class com/android/tools/r8/internal/s4
Event: 121.819 loading class com/android/tools/r8/internal/s4 done
Event: 121.828 loading class com/android/tools/r8/code/r
Event: 121.828 loading class com/android/tools/r8/code/r done
Event: 121.828 Executing VM operation: RevokeBias
Event: 121.852 Executing VM operation: RevokeBias done
Event: 121.855 loading class com/android/tools/r8/code/t
Event: 121.855 loading class com/android/tools/r8/code/t done


Dynamic libraries:
0x00007ff7c9130000 - 0x00007ff7c913a000 	C:\Users\Lenovo\AppData\Local\JetBrains\Toolbox\apps\AndroidStudio\ch-0\203.7784292\jre\bin\java.exe
0x00007ffec57d0000 - 0x00007ffec59c5000 	C:\WINDOWS\SYSTEM32\ntdll.dll
0x00007ffec50f0000 - 0x00007ffec51ae000 	C:\WINDOWS\System32\KERNEL32.DLL
0x00007ffec33c0000 - 0x00007ffec3689000 	C:\WINDOWS\System32\KERNELBASE.dll
0x00007ffec3690000 - 0x00007ffec3790000 	C:\WINDOWS\System32\ucrtbase.dll
0x00007ffe4f550000 - 0x00007ffe4f569000 	C:\Users\Lenovo\AppData\Local\JetBrains\Toolbox\apps\AndroidStudio\ch-0\203.7784292\jre\bin\jli.dll
0x00007ffe4f530000 - 0x00007ffe4f547000 	C:\Users\Lenovo\AppData\Local\JetBrains\Toolbox\apps\AndroidStudio\ch-0\203.7784292\jre\bin\VCRUNTIME140.dll
0x00007ffec4820000 - 0x00007ffec49c1000 	C:\WINDOWS\System32\USER32.dll
0x00007ffea8b90000 - 0x00007ffea8e2a000 	C:\WINDOWS\WinSxS\amd64_microsoft.windows.common-controls_6595b64144ccf1df_6.0.19041.1110_none_60b5254171f9507e\COMCTL32.dll
0x00007ffec3250000 - 0x00007ffec3272000 	C:\WINDOWS\System32\win32u.dll
0x00007ffec3d00000 - 0x00007ffec3d9e000 	C:\WINDOWS\System32\msvcrt.dll
0x00007ffec4670000 - 0x00007ffec469b000 	C:\WINDOWS\System32\GDI32.dll
0x00007ffec32b0000 - 0x00007ffec33bb000 	C:\WINDOWS\System32\gdi32full.dll
0x00007ffec2ef0000 - 0x00007ffec2f8d000 	C:\WINDOWS\System32\msvcp_win.dll
0x00007ffec47f0000 - 0x00007ffec4820000 	C:\WINDOWS\System32\IMM32.DLL
0x00007ffe4f490000 - 0x00007ffe4f52d000 	C:\Users\Lenovo\AppData\Local\JetBrains\Toolbox\apps\AndroidStudio\ch-0\203.7784292\jre\bin\msvcp140.dll
0x00007ffe5d0c0000 - 0x00007ffe5db8f000 	C:\Users\Lenovo\AppData\Local\JetBrains\Toolbox\apps\AndroidStudio\ch-0\203.7784292\jre\bin\server\jvm.dll
0x00007ffec4d80000 - 0x00007ffec4e2c000 	C:\WINDOWS\System32\ADVAPI32.dll
0x00007ffec3da0000 - 0x00007ffec3e3b000 	C:\WINDOWS\System32\sechost.dll
0x00007ffec4c50000 - 0x00007ffec4d7a000 	C:\WINDOWS\System32\RPCRT4.dll
0x00007ffec4e30000 - 0x00007ffec4e38000 	C:\WINDOWS\System32\PSAPI.DLL
0x00007ffebdc00000 - 0x00007ffebdc0a000 	C:\WINDOWS\SYSTEM32\VERSION.dll
0x00007ffea6be0000 - 0x00007ffea6c07000 	C:\WINDOWS\SYSTEM32\WINMM.dll
0x00007ffea8e40000 - 0x00007ffea8e49000 	C:\WINDOWS\SYSTEM32\WSOCK32.dll
0x00007ffec4780000 - 0x00007ffec47eb000 	C:\WINDOWS\System32\WS2_32.dll
0x00007ffec0df0000 - 0x00007ffec0e02000 	C:\WINDOWS\SYSTEM32\kernel.appcore.dll
0x00007ffe846a0000 - 0x00007ffe846b1000 	C:\Users\Lenovo\AppData\Local\JetBrains\Toolbox\apps\AndroidStudio\ch-0\203.7784292\jre\bin\verify.dll
0x00007ffeba240000 - 0x00007ffeba424000 	C:\WINDOWS\SYSTEM32\DBGHELP.DLL
0x00007ffea9630000 - 0x00007ffea965c000 	C:\WINDOWS\SYSTEM32\dbgcore.DLL
0x00007ffec3790000 - 0x00007ffec3813000 	C:\WINDOWS\System32\bcryptPrimitives.dll
0x00007ffe66a80000 - 0x00007ffe66aa9000 	C:\Users\Lenovo\AppData\Local\JetBrains\Toolbox\apps\AndroidStudio\ch-0\203.7784292\jre\bin\java.dll
0x00007ffe85650000 - 0x00007ffe8565b000 	C:\Users\Lenovo\AppData\Local\JetBrains\Toolbox\apps\AndroidStudio\ch-0\203.7784292\jre\bin\jimage.dll
0x00007ffe6a230000 - 0x00007ffe6a248000 	C:\Users\Lenovo\AppData\Local\JetBrains\Toolbox\apps\AndroidStudio\ch-0\203.7784292\jre\bin\zip.dll
0x00007ffec3e40000 - 0x00007ffec457f000 	C:\WINDOWS\System32\SHELL32.dll
0x00007ffec0ff0000 - 0x00007ffec1780000 	C:\WINDOWS\SYSTEM32\windows.storage.dll
0x00007ffec51d0000 - 0x00007ffec5525000 	C:\WINDOWS\System32\combase.dll
0x00007ffec2940000 - 0x00007ffec296c000 	C:\WINDOWS\SYSTEM32\Wldp.dll
0x00007ffec4e40000 - 0x00007ffec4eed000 	C:\WINDOWS\System32\SHCORE.dll
0x00007ffec46a0000 - 0x00007ffec46f5000 	C:\WINDOWS\System32\shlwapi.dll
0x00007ffec2e30000 - 0x00007ffec2e4f000 	C:\WINDOWS\SYSTEM32\profapi.dll
0x00007ffe66cf0000 - 0x00007ffe66d0a000 	C:\Users\Lenovo\AppData\Local\JetBrains\Toolbox\apps\AndroidStudio\ch-0\203.7784292\jre\bin\net.dll
0x00007ffeb4df0000 - 0x00007ffeb4ef8000 	C:\WINDOWS\SYSTEM32\WINHTTP.dll
0x00007ffec26a0000 - 0x00007ffec270a000 	C:\WINDOWS\system32\mswsock.dll
0x00007ffe65460000 - 0x00007ffe65474000 	C:\Users\Lenovo\AppData\Local\JetBrains\Toolbox\apps\AndroidStudio\ch-0\203.7784292\jre\bin\nio.dll
0x00007ffebeaa0000 - 0x00007ffebeac7000 	C:\Users\Lenovo\.gradle\native\8bec1ad78214c89d9ad589b4d07fe93259594b29d510b10fafb7a158f7737e5d\windows-amd64\native-platform.dll
0x00007ffebc940000 - 0x00007ffebca7d000 	C:\Users\Lenovo\.gradle\native\53dbd7edfb1c66fb8903c78663c9afc45aea4f116125fa6feffd364cf09443e8\windows-amd64\native-platform-file-events.dll
0x00007ffe80d80000 - 0x00007ffe80d8a000 	C:\Users\Lenovo\AppData\Local\JetBrains\Toolbox\apps\AndroidStudio\ch-0\203.7784292\jre\bin\management.dll
0x00007ffe7f2a0000 - 0x00007ffe7f2ac000 	C:\Users\Lenovo\AppData\Local\JetBrains\Toolbox\apps\AndroidStudio\ch-0\203.7784292\jre\bin\management_ext.dll
0x00007ffec2890000 - 0x00007ffec28a8000 	C:\WINDOWS\SYSTEM32\CRYPTSP.dll
0x00007ffec1fb0000 - 0x00007ffec1fe4000 	C:\WINDOWS\system32\rsaenh.dll
0x00007ffec3280000 - 0x00007ffec32a7000 	C:\WINDOWS\System32\bcrypt.dll
0x00007ffec2df0000 - 0x00007ffec2e1e000 	C:\WINDOWS\SYSTEM32\USERENV.dll
0x00007ffec28b0000 - 0x00007ffec28bc000 	C:\WINDOWS\SYSTEM32\CRYPTBASE.dll
0x00007ffec2340000 - 0x00007ffec237b000 	C:\WINDOWS\SYSTEM32\IPHLPAPI.DLL
0x00007ffec4af0000 - 0x00007ffec4af8000 	C:\WINDOWS\System32\NSI.dll
0x00007ffebba50000 - 0x00007ffebba67000 	C:\WINDOWS\SYSTEM32\dhcpcsvc6.DLL
0x00007ffebba30000 - 0x00007ffebba4d000 	C:\WINDOWS\SYSTEM32\dhcpcsvc.DLL
0x00007ffec2390000 - 0x00007ffec245c000 	C:\WINDOWS\SYSTEM32\DNSAPI.dll
0x00007ffe8a100000 - 0x00007ffe8a127000 	C:\Users\Lenovo\AppData\Local\JetBrains\Toolbox\apps\AndroidStudio\ch-0\203.7784292\jre\bin\sunec.dll
0x00007ffeb5330000 - 0x00007ffeb533a000 	C:\Windows\System32\rasadhlp.dll
0x00007ffeb1960000 - 0x00007ffeb19df000 	C:\WINDOWS\System32\fwpuclnt.dll
0x00007ffec1be0000 - 0x00007ffec1c13000 	C:\WINDOWS\SYSTEM32\ntmarta.dll
0x00007ffe5cf10000 - 0x00007ffe5d0b4000 	C:\Users\Lenovo\AppData\Local\JetBrains\Toolbox\apps\AndroidStudio\ch-0\203.7784292\jre\bin\awt.dll
0x00007ffec5020000 - 0x00007ffec50ed000 	C:\WINDOWS\System32\OLEAUT32.dll
0x00007ffec0ce0000 - 0x00007ffec0d0f000 	C:\WINDOWS\SYSTEM32\dwmapi.dll
0x00007ffec0440000 - 0x00007ffec04d0000 	C:\WINDOWS\SYSTEM32\apphelp.dll
0x00007ffec0580000 - 0x00007ffec061e000 	C:\WINDOWS\system32\uxtheme.dll

dbghelp: loaded successfully - version: 4.0.5 - missing functions: none
symbol engine: initialized successfully - sym options: 0x614 - pdb path: .;C:\Users\Lenovo\AppData\Local\JetBrains\Toolbox\apps\AndroidStudio\ch-0\203.7784292\jre\bin;C:\WINDOWS\SYSTEM32;C:\WINDOWS\WinSxS\amd64_microsoft.windows.common-controls_6595b64144ccf1df_6.0.19041.1110_none_60b5254171f9507e;C:\Users\Lenovo\AppData\Local\JetBrains\Toolbox\apps\AndroidStudio\ch-0\203.7784292\jre\bin\server;C:\Users\Lenovo\.gradle\native\8bec1ad78214c89d9ad589b4d07fe93259594b29d510b10fafb7a158f7737e5d\windows-amd64;C:\Users\Lenovo\.gradle\native\53dbd7edfb1c66fb8903c78663c9afc45aea4f116125fa6feffd364cf09443e8\windows-amd64

VM Arguments:
jvm_args: --add-opens=java.base/java.util=ALL-UNNAMED --add-opens=java.base/java.lang=ALL-UNNAMED --add-opens=java.base/java.lang.invoke=ALL-UNNAMED --add-opens=java.base/java.util=ALL-UNNAMED --add-opens=java.prefs/java.util.prefs=ALL-UNNAMED --add-opens=java.prefs/java.util.prefs=ALL-UNNAMED --add-opens=java.base/java.nio.charset=ALL-UNNAMED --add-opens=java.base/java.net=ALL-UNNAMED --add-opens=java.base/java.util.concurrent.atomic=ALL-UNNAMED -Xmx2048m -Dfile.encoding=UTF-8 -Duser.country=SK -Duser.language=sk -Duser.variant 
java_command: org.gradle.launcher.daemon.bootstrap.GradleDaemon 7.0.2
java_class_path (initial): C:\Users\Lenovo\.gradle\wrapper\dists\gradle-7.0.2-all\7era6s5ay7zsbhuvl0oc9g94s\gradle-7.0.2\lib\gradle-launcher-7.0.2.jar
Launcher Type: SUN_STANDARD

[Global flags]
     intx CICompilerCount                          = 4                                         {product} {ergonomic}
     uint ConcGCThreads                            = 2                                         {product} {ergonomic}
     uint G1ConcRefinementThreads                  = 8                                         {product} {ergonomic}
   size_t G1HeapRegionSize                         = 1048576                                   {product} {ergonomic}
    uintx GCDrainStackTargetSize                   = 64                                        {product} {ergonomic}
   size_t InitialHeapSize                          = 260046848                                 {product} {ergonomic}
   size_t MarkStackSize                            = 4194304                                   {product} {ergonomic}
   size_t MaxHeapSize                              = 2147483648                                {product} {command line}
   size_t MaxNewSize                               = 1287651328                                {product} {ergonomic}
   size_t MinHeapDeltaBytes                        = 1048576                                   {product} {ergonomic}
    uintx NonNMethodCodeHeapSize                   = 5836300                                {pd product} {ergonomic}
    uintx NonProfiledCodeHeapSize                  = 122910970                              {pd product} {ergonomic}
    uintx ProfiledCodeHeapSize                     = 122910970                              {pd product} {ergonomic}
    uintx ReservedCodeCacheSize                    = 251658240                              {pd product} {ergonomic}
     bool SegmentedCodeCache                       = true                                      {product} {ergonomic}
     bool UseCompressedClassPointers               = true                                 {lp64_product} {ergonomic}
     bool UseCompressedOops                        = true                                 {lp64_product} {ergonomic}
     bool UseG1GC                                  = true                                      {product} {ergonomic}
     bool UseLargePagesIndividualAllocation        = false                                  {pd product} {ergonomic}

Logging:
Log output configuration:
 #0: stdout all=warning uptime,level,tags
 #1: stderr all=off uptime,level,tags

Environment Variables:
PATH=C:\Python39\Scripts\;C:\Python39\;C:\Program Files (x86)\Common Files\Oracle\Java\javapath;C:\Windows\system32;C:\Windows;C:\Windows\System32\Wbem;C:\Windows\System32\WindowsPowerShell\v1.0\;C:\Windows\System32\OpenSSH\;c:\Program Files (x86)\Intel\Intel(R) Management Engine Components\DAL;c:\Program Files\Intel\Intel(R) Management Engine Components\DAL;C:\Program Files\Git\cmd;C:\Program Files\NVIDIA Corporation\NVIDIA NvDLISR;C:\Program Files\dotnet\;C:\Program Files\nodejs\;C:\ProgramData\chocolatey\bin;;%SystemRoot%\system32;%SystemRoot%;%SystemRoot%\System32\Wbem;%SYSTEMROOT%\System32\WindowsPowerShell\v1.0\;%SYSTEMROOT%\System32\OpenSSH\;C:\Users\Lenovo\AppData\Local\Microsoft\WindowsApps;C:\Users\Lenovo\AppData\Local\GitHubDesktop\bin;C:\Users\Lenovo\AppData\Local\Programs\Microsoft VS Code\bin;C:\Users\Lenovo\.dotnet\tools;C:\Users\Lenovo\AppData\Roaming\npm
USERNAME=Jakub
OS=Windows_NT
PROCESSOR_IDENTIFIER=Intel64 Family 6 Model 94 Stepping 3, GenuineIntel



---------------  S Y S T E M  ---------------

OS: Windows 10 , 64 bit Build 19041 (10.0.19041.1202)
OS uptime: 0 days 0:15 hours

CPU:total 8 (initial active 8) (4 cores per cpu, 2 threads per core) family 6 model 94 stepping 3 microcode 0xe2, cmov, cx8, fxsr, mmx, sse, sse2, sse3, ssse3, sse4.1, sse4.2, popcnt, avx, avx2, aes, clmul, erms, rtm, 3dnowpref, lzcnt, ht, tsc, tscinvbit, bmi1, bmi2, adx, fma

Memory: 4k page, system-wide physical 15750M (376M free)
TotalPageFile size 46188M (AvailPageFile size 7M)
current process WorkingSet (physical memory assigned to process): 655M, peak: 660M
current process commit charge ("private bytes"): 708M, peak: 803M

vm_info: OpenJDK 64-Bit Server VM (11.0.10+0-b96-7249189) for windows-amd64 JRE (11.0.10+0-b96-7249189), built on Mar 31 2021 21:44:00 by "builder" with MS VC++ 14.0 (VS2015)

END.
